#
# There is insufficient memory for the Java Runtime Environment to continue.
# Native memory allocation (malloc) failed to allocate 405296 bytes for Chunk::new
# Possible reasons:
#   The system is out of physical RAM or swap space
#   The process is running with CompressedOops enabled, and the Java Heap may be blocking the growth of the native heap
# Possible solutions:
#   Reduce memory load on the system
#   Increase physical memory or swap space
#   Check if swap backing store is full
#   Decrease Java heap size (-Xmx/-Xms)
#   Decrease number of Java threads
#   Decrease Java thread stack sizes (-Xss)
#   Set larger code cache with -XX:ReservedCodeCacheSize=
#   JVM is running with Unscaled Compressed Oops mode in which the Java heap is
#     placed in the first 4GB address space. The Java Heap base address is the
#     maximum limit for the native heap growth. Please use -XX:HeapBaseMinAddress
#     to set the Java Heap base and to place the Java Heap above 4GB virtual address.
# This output file may be truncated or incomplete.
#
#  Out of Memory Error (c:/BuildAgent/work/5ff2f6c26000d570/src/hotspot/share/memory/arena.cpp:197), pid=62060, tid=66860
#
# JRE version: OpenJDK Runtime Environment (11.0.4+10) (build 11.0.4+10-b520.11)
# Java VM: OpenJDK 64-Bit Server VM (11.0.4+10-b520.11, mixed mode, sharing, tiered, compressed oops, g1 gc, windows-amd64)
# No core dump will be written. Minidumps are not enabled by default on client versions of Windows
#

---------------  S U M M A R Y ------------

Command Line: -Dorg.jetbrains.run.directory=C:\Users\raghavendran.MAVERICSYSTEMS\Desktop\Bacb\src\test\java\examples\users -javaagent:C:\Program Files\JetBrains\IntelliJ IDEA Community Edition 2019.3\lib\idea_rt.jar=55507:C:\Program Files\JetBrains\IntelliJ IDEA Community Edition 2019.3\bin -Dfile.encoding=UTF-8 cucumber.api.cli.Main --plugin org.jetbrains.plugins.cucumber.java.run.CucumberJvmSMFormatter --monochrome --name ^US\#19\,check without Authorization for Detail permissions$ --glue com.intuit.karate C:/Users/raghavendran.MAVERICSYSTEMS/Desktop/Bacb/src/test/java/examples/users/Accounts.feature

Host: Intel(R) Core(TM) i5-8250U CPU @ 1.60GHz, 8 cores, 7G,  Windows 10 , 64 bit Build 17134 (10.0.17134.1)
Time: Fri Dec 20 11:27:57 2019 India Standard Time elapsed time: 1 seconds (0d 0h 0m 1s)

---------------  T H R E A D  ---------------

Current thread (0x0000024a289d1800):  JavaThread "C2 CompilerThread1" daemon [_thread_in_native, id=66860, stack(0x000000fdd3d00000,0x000000fdd3e00000)]


Current CompileTask:
C2:   1333 1436       4       java.lang.invoke.MethodType::makeImpl (108 bytes)

Stack: [0x000000fdd3d00000,0x000000fdd3e00000]
Native frames: (J=compiled Java code, j=interpreted, Vv=VM code, C=native code)
V  [jvm.dll+0x5db21a]
V  [jvm.dll+0x70c4f5]
V  [jvm.dll+0x70da18]
V  [jvm.dll+0x70e0e3]
V  [jvm.dll+0x23de68]
V  [jvm.dll+0xb926c]
V  [jvm.dll+0xb976c]
V  [jvm.dll+0x2b1a54]
V  [jvm.dll+0x4fffa2]
V  [jvm.dll+0x1f90fc]
V  [jvm.dll+0x1f66ff]
V  [jvm.dll+0x17fd5c]
V  [jvm.dll+0x204ab7]
V  [jvm.dll+0x203352]
V  [jvm.dll+0x6d955f]
V  [jvm.dll+0x6d235d]
V  [jvm.dll+0x5da4f6]
C  [ucrtbase.dll+0x1c02e]
C  [KERNEL32.DLL+0x13034]
C  [ntdll.dll+0x71431]


---------------  P R O C E S S  ---------------

Threads class SMR info:
_java_thread_list=0x0000024a28bd1520, length=12, elements={
0x0000024a0d8bd000, 0x0000024a27f88800, 0x0000024a27f8c800, 0x0000024a27fa3000,
0x0000024a27fa5000, 0x0000024a27fa6800, 0x0000024a27fad000, 0x0000024a27fae800,
0x0000024a27f6c000, 0x0000024a289d1800, 0x0000024a28d6b800, 0x0000024a28d7c800
}

Java Threads: ( => current thread )
  0x0000024a0d8bd000 JavaThread "main" [_thread_in_vm, id=76140, stack(0x000000fdd2e00000,0x000000fdd2f00000)]
  0x0000024a27f88800 JavaThread "Reference Handler" daemon [_thread_blocked, id=64284, stack(0x000000fdd3500000,0x000000fdd3600000)]
  0x0000024a27f8c800 JavaThread "Finalizer" daemon [_thread_blocked, id=70900, stack(0x000000fdd3600000,0x000000fdd3700000)]
  0x0000024a27fa3000 JavaThread "Signal Dispatcher" daemon [_thread_blocked, id=60676, stack(0x000000fdd3700000,0x000000fdd3800000)]
  0x0000024a27fa5000 JavaThread "Attach Listener" daemon [_thread_blocked, id=75448, stack(0x000000fdd3800000,0x000000fdd3900000)]
  0x0000024a27fa6800 JavaThread "C2 CompilerThread0" daemon [_thread_in_native, id=11780, stack(0x000000fdd3900000,0x000000fdd3a00000)]
  0x0000024a27fad000 JavaThread "C1 CompilerThread0" daemon [_thread_blocked, id=73148, stack(0x000000fdd3a00000,0x000000fdd3b00000)]
  0x0000024a27fae800 JavaThread "Sweeper thread" daemon [_thread_blocked, id=79808, stack(0x000000fdd3b00000,0x000000fdd3c00000)]
  0x0000024a27f6c000 JavaThread "Common-Cleaner" daemon [_thread_blocked, id=75212, stack(0x000000fdd3c00000,0x000000fdd3d00000)]
=>0x0000024a289d1800 JavaThread "C2 CompilerThread1" daemon [_thread_in_native, id=66860, stack(0x000000fdd3d00000,0x000000fdd3e00000)]
  0x0000024a28d6b800 JavaThread "Monitor Ctrl-Break" daemon [_thread_in_native, id=79128, stack(0x000000fdd3e00000,0x000000fdd3f00000)]
  0x0000024a28d7c800 JavaThread "Service Thread" daemon [_thread_blocked, id=77104, stack(0x000000fdd3f00000,0x000000fdd4000000)]

Other Threads:
  0x0000024a27f85800 VMThread "VM Thread" [stack: 0x000000fdd3400000,0x000000fdd3500000] [id=77800]
  0x0000024a28d7d000 WatcherThread [stack: 0x000000fdd4000000,0x000000fdd4100000] [id=61428]
  0x0000024a0d8d4000 GCTaskThread "GC Thread#0" [stack: 0x000000fdd2f00000,0x000000fdd3000000] [id=79612]
  0x0000024a29672000 GCTaskThread "GC Thread#1" [stack: 0x000000fdd4100000,0x000000fdd4200000] [id=66612]
  0x0000024a29672800 GCTaskThread "GC Thread#2" [stack: 0x000000fdd4200000,0x000000fdd4300000] [id=77520]
  0x0000024a0d900000 ConcurrentGCThread "G1 Main Marker" [stack: 0x000000fdd3000000,0x000000fdd3100000] [id=59896]
  0x0000024a0d901800 ConcurrentGCThread "G1 Conc#0" [stack: 0x000000fdd3100000,0x000000fdd3200000] [id=67864]
  0x0000024a0d97e800 ConcurrentGCThread "G1 Refine#0" [stack: 0x000000fdd3200000,0x000000fdd3300000] [id=79456]
  0x0000024a27e17000 ConcurrentGCThread "G1 Young RemSet Sampling" [stack: 0x000000fdd3300000,0x000000fdd3400000] [id=79552]

Threads with active compile tasks:
C2 CompilerThread01531       4       java.lang.invoke.MethodType$ConcurrentWeakInternSet::get (54 bytes)
C2 CompilerThread11436       4       java.lang.invoke.MethodType::makeImpl (108 bytes)

VM state:not at safepoint (normal execution)

VM Mutex/Monitor currently owned by a thread: None

Heap address: 0x0000000082200000, size: 2014 MB, Compressed Oops mode: 32-bit
Narrow klass base: 0x0000000800000000, Narrow klass shift: 3
Compressed class space size: 1073741824 Address: 0x0000000840000000

Heap:
 garbage-first heap   total 129024K, used 12348K [0x0000000082200000, 0x0000000100000000)
  region size 1024K, 11 young (11264K), 3 survivors (3072K)
 Metaspace       used 9230K, capacity 9845K, committed 10112K, reserved 1058816K
  class space    used 1134K, capacity 1393K, committed 1408K, reserved 1048576K
Heap Regions: E=young(eden), S=young(survivor), O=old, HS=humongous(starts), HC=humongous(continues), CS=collection set, F=free, A=archive, TAMS=top-at-mark-start (previous, next)
|   0|0x0000000082200000, 0x0000000082300000, 0x0000000082300000|100%| O|  |TAMS 0x0000000082200000, 0x0000000082200000| Untracked 
|   1|0x0000000082300000, 0x0000000082400000, 0x0000000082400000|100%| O|  |TAMS 0x0000000082300000, 0x0000000082300000| Untracked 
|   2|0x0000000082400000, 0x000000008240f000, 0x0000000082500000|  5%| O|  |TAMS 0x0000000082400000, 0x0000000082400000| Untracked 
|   3|0x0000000082500000, 0x0000000082500000, 0x0000000082600000|  0%| F|  |TAMS 0x0000000082500000, 0x0000000082500000| Untracked 
|   4|0x0000000082600000, 0x0000000082600000, 0x0000000082700000|  0%| F|  |TAMS 0x0000000082600000, 0x0000000082600000| Untracked 
|   5|0x0000000082700000, 0x0000000082700000, 0x0000000082800000|  0%| F|  |TAMS 0x0000000082700000, 0x0000000082700000| Untracked 
|   6|0x0000000082800000, 0x0000000082800000, 0x0000000082900000|  0%| F|  |TAMS 0x0000000082800000, 0x0000000082800000| Untracked 
|   7|0x0000000082900000, 0x0000000082900000, 0x0000000082a00000|  0%| F|  |TAMS 0x0000000082900000, 0x0000000082900000| Untracked 
|   8|0x0000000082a00000, 0x0000000082a00000, 0x0000000082b00000|  0%| F|  |TAMS 0x0000000082a00000, 0x0000000082a00000| Untracked 
|   9|0x0000000082b00000, 0x0000000082b00000, 0x0000000082c00000|  0%| F|  |TAMS 0x0000000082b00000, 0x0000000082b00000| Untracked 
|  10|0x0000000082c00000, 0x0000000082c00000, 0x0000000082d00000|  0%| F|  |TAMS 0x0000000082c00000, 0x0000000082c00000| Untracked 
|  11|0x0000000082d00000, 0x0000000082d00000, 0x0000000082e00000|  0%| F|  |TAMS 0x0000000082d00000, 0x0000000082d00000| Untracked 
|  12|0x0000000082e00000, 0x0000000082e00000, 0x0000000082f00000|  0%| F|  |TAMS 0x0000000082e00000, 0x0000000082e00000| Untracked 
|  13|0x0000000082f00000, 0x0000000082f00000, 0x0000000083000000|  0%| F|  |TAMS 0x0000000082f00000, 0x0000000082f00000| Untracked 
|  14|0x0000000083000000, 0x0000000083000000, 0x0000000083100000|  0%| F|  |TAMS 0x0000000083000000, 0x0000000083000000| Untracked 
|  15|0x0000000083100000, 0x0000000083100000, 0x0000000083200000|  0%| F|  |TAMS 0x0000000083100000, 0x0000000083100000| Untracked 
|  16|0x0000000083200000, 0x0000000083200000, 0x0000000083300000|  0%| F|  |TAMS 0x0000000083200000, 0x0000000083200000| Untracked 
|  17|0x0000000083300000, 0x0000000083300000, 0x0000000083400000|  0%| F|  |TAMS 0x0000000083300000, 0x0000000083300000| Untracked 
|  18|0x0000000083400000, 0x0000000083400000, 0x0000000083500000|  0%| F|  |TAMS 0x0000000083400000, 0x0000000083400000| Untracked 
|  19|0x0000000083500000, 0x0000000083500000, 0x0000000083600000|  0%| F|  |TAMS 0x0000000083500000, 0x0000000083500000| Untracked 
|  20|0x0000000083600000, 0x0000000083600000, 0x0000000083700000|  0%| F|  |TAMS 0x0000000083600000, 0x0000000083600000| Untracked 
|  21|0x0000000083700000, 0x0000000083700000, 0x0000000083800000|  0%| F|  |TAMS 0x0000000083700000, 0x0000000083700000| Untracked 
|  22|0x0000000083800000, 0x0000000083800000, 0x0000000083900000|  0%| F|  |TAMS 0x0000000083800000, 0x0000000083800000| Untracked 
|  23|0x0000000083900000, 0x0000000083900000, 0x0000000083a00000|  0%| F|  |TAMS 0x0000000083900000, 0x0000000083900000| Untracked 
|  24|0x0000000083a00000, 0x0000000083a00000, 0x0000000083b00000|  0%| F|  |TAMS 0x0000000083a00000, 0x0000000083a00000| Untracked 
|  25|0x0000000083b00000, 0x0000000083b00000, 0x0000000083c00000|  0%| F|  |TAMS 0x0000000083b00000, 0x0000000083b00000| Untracked 
|  26|0x0000000083c00000, 0x0000000083c00000, 0x0000000083d00000|  0%| F|  |TAMS 0x0000000083c00000, 0x0000000083c00000| Untracked 
|  27|0x0000000083d00000, 0x0000000083d00000, 0x0000000083e00000|  0%| F|  |TAMS 0x0000000083d00000, 0x0000000083d00000| Untracked 
|  28|0x0000000083e00000, 0x0000000083e00000, 0x0000000083f00000|  0%| F|  |TAMS 0x0000000083e00000, 0x0000000083e00000| Untracked 
|  29|0x0000000083f00000, 0x0000000083f00000, 0x0000000084000000|  0%| F|  |TAMS 0x0000000083f00000, 0x0000000083f00000| Untracked 
|  30|0x0000000084000000, 0x0000000084000000, 0x0000000084100000|  0%| F|  |TAMS 0x0000000084000000, 0x0000000084000000| Untracked 
|  31|0x0000000084100000, 0x0000000084100000, 0x0000000084200000|  0%| F|  |TAMS 0x0000000084100000, 0x0000000084100000| Untracked 
|  32|0x0000000084200000, 0x0000000084200000, 0x0000000084300000|  0%| F|  |TAMS 0x0000000084200000, 0x0000000084200000| Untracked 
|  33|0x0000000084300000, 0x0000000084300000, 0x0000000084400000|  0%| F|  |TAMS 0x0000000084300000, 0x0000000084300000| Untracked 
|  34|0x0000000084400000, 0x0000000084400000, 0x0000000084500000|  0%| F|  |TAMS 0x0000000084400000, 0x0000000084400000| Untracked 
|  35|0x0000000084500000, 0x0000000084500000, 0x0000000084600000|  0%| F|  |TAMS 0x0000000084500000, 0x0000000084500000| Untracked 
|  36|0x0000000084600000, 0x0000000084600000, 0x0000000084700000|  0%| F|  |TAMS 0x0000000084600000, 0x0000000084600000| Untracked 
|  37|0x0000000084700000, 0x0000000084700000, 0x0000000084800000|  0%| F|  |TAMS 0x0000000084700000, 0x0000000084700000| Untracked 
|  38|0x0000000084800000, 0x0000000084800000, 0x0000000084900000|  0%| F|  |TAMS 0x0000000084800000, 0x0000000084800000| Untracked 
|  39|0x0000000084900000, 0x0000000084900000, 0x0000000084a00000|  0%| F|  |TAMS 0x0000000084900000, 0x0000000084900000| Untracked 
|  40|0x0000000084a00000, 0x0000000084a00000, 0x0000000084b00000|  0%| F|  |TAMS 0x0000000084a00000, 0x0000000084a00000| Untracked 
|  41|0x0000000084b00000, 0x0000000084b00000, 0x0000000084c00000|  0%| F|  |TAMS 0x0000000084b00000, 0x0000000084b00000| Untracked 
|  42|0x0000000084c00000, 0x0000000084c00000, 0x0000000084d00000|  0%| F|  |TAMS 0x0000000084c00000, 0x0000000084c00000| Untracked 
|  43|0x0000000084d00000, 0x0000000084d00000, 0x0000000084e00000|  0%| F|  |TAMS 0x0000000084d00000, 0x0000000084d00000| Untracked 
|  44|0x0000000084e00000, 0x0000000084e00000, 0x0000000084f00000|  0%| F|  |TAMS 0x0000000084e00000, 0x0000000084e00000| Untracked 
|  45|0x0000000084f00000, 0x0000000084f00000, 0x0000000085000000|  0%| F|  |TAMS 0x0000000084f00000, 0x0000000084f00000| Untracked 
|  46|0x0000000085000000, 0x0000000085000000, 0x0000000085100000|  0%| F|  |TAMS 0x0000000085000000, 0x0000000085000000| Untracked 
|  47|0x0000000085100000, 0x0000000085100000, 0x0000000085200000|  0%| F|  |TAMS 0x0000000085100000, 0x0000000085100000| Untracked 
|  48|0x0000000085200000, 0x0000000085200000, 0x0000000085300000|  0%| F|  |TAMS 0x0000000085200000, 0x0000000085200000| Untracked 
|  49|0x0000000085300000, 0x0000000085300000, 0x0000000085400000|  0%| F|  |TAMS 0x0000000085300000, 0x0000000085300000| Untracked 
|  50|0x0000000085400000, 0x0000000085400000, 0x0000000085500000|  0%| F|  |TAMS 0x0000000085400000, 0x0000000085400000| Untracked 
|  51|0x0000000085500000, 0x0000000085500000, 0x0000000085600000|  0%| F|  |TAMS 0x0000000085500000, 0x0000000085500000| Untracked 
|  52|0x0000000085600000, 0x0000000085600000, 0x0000000085700000|  0%| F|  |TAMS 0x0000000085600000, 0x0000000085600000| Untracked 
|  53|0x0000000085700000, 0x0000000085700000, 0x0000000085800000|  0%| F|  |TAMS 0x0000000085700000, 0x0000000085700000| Untracked 
|  54|0x0000000085800000, 0x0000000085800000, 0x0000000085900000|  0%| F|  |TAMS 0x0000000085800000, 0x0000000085800000| Untracked 
|  55|0x0000000085900000, 0x0000000085900000, 0x0000000085a00000|  0%| F|  |TAMS 0x0000000085900000, 0x0000000085900000| Untracked 
|  56|0x0000000085a00000, 0x0000000085a00000, 0x0000000085b00000|  0%| F|  |TAMS 0x0000000085a00000, 0x0000000085a00000| Untracked 
|  57|0x0000000085b00000, 0x0000000085b00000, 0x0000000085c00000|  0%| F|  |TAMS 0x0000000085b00000, 0x0000000085b00000| Untracked 
|  58|0x0000000085c00000, 0x0000000085c00000, 0x0000000085d00000|  0%| F|  |TAMS 0x0000000085c00000, 0x0000000085c00000| Untracked 
|  59|0x0000000085d00000, 0x0000000085d00000, 0x0000000085e00000|  0%| F|  |TAMS 0x0000000085d00000, 0x0000000085d00000| Untracked 
|  60|0x0000000085e00000, 0x0000000085e00000, 0x0000000085f00000|  0%| F|  |TAMS 0x0000000085e00000, 0x0000000085e00000| Untracked 
|  61|0x0000000085f00000, 0x0000000085f00000, 0x0000000086000000|  0%| F|  |TAMS 0x0000000085f00000, 0x0000000085f00000| Untracked 
|  62|0x0000000086000000, 0x0000000086000000, 0x0000000086100000|  0%| F|  |TAMS 0x0000000086000000, 0x0000000086000000| Untracked 
|  63|0x0000000086100000, 0x0000000086100000, 0x0000000086200000|  0%| F|  |TAMS 0x0000000086100000, 0x0000000086100000| Untracked 
|  64|0x0000000086200000, 0x0000000086200000, 0x0000000086300000|  0%| F|  |TAMS 0x0000000086200000, 0x0000000086200000| Untracked 
|  65|0x0000000086300000, 0x0000000086300000, 0x0000000086400000|  0%| F|  |TAMS 0x0000000086300000, 0x0000000086300000| Untracked 
|  66|0x0000000086400000, 0x0000000086400000, 0x0000000086500000|  0%| F|  |TAMS 0x0000000086400000, 0x0000000086400000| Untracked 
|  67|0x0000000086500000, 0x0000000086500000, 0x0000000086600000|  0%| F|  |TAMS 0x0000000086500000, 0x0000000086500000| Untracked 
|  68|0x0000000086600000, 0x0000000086600000, 0x0000000086700000|  0%| F|  |TAMS 0x0000000086600000, 0x0000000086600000| Untracked 
|  69|0x0000000086700000, 0x0000000086700000, 0x0000000086800000|  0%| F|  |TAMS 0x0000000086700000, 0x0000000086700000| Untracked 
|  70|0x0000000086800000, 0x0000000086800000, 0x0000000086900000|  0%| F|  |TAMS 0x0000000086800000, 0x0000000086800000| Untracked 
|  71|0x0000000086900000, 0x0000000086900000, 0x0000000086a00000|  0%| F|  |TAMS 0x0000000086900000, 0x0000000086900000| Untracked 
|  72|0x0000000086a00000, 0x0000000086a00000, 0x0000000086b00000|  0%| F|  |TAMS 0x0000000086a00000, 0x0000000086a00000| Untracked 
|  73|0x0000000086b00000, 0x0000000086b00000, 0x0000000086c00000|  0%| F|  |TAMS 0x0000000086b00000, 0x0000000086b00000| Untracked 
|  74|0x0000000086c00000, 0x0000000086c00000, 0x0000000086d00000|  0%| F|  |TAMS 0x0000000086c00000, 0x0000000086c00000| Untracked 
|  75|0x0000000086d00000, 0x0000000086d00000, 0x0000000086e00000|  0%| F|  |TAMS 0x0000000086d00000, 0x0000000086d00000| Untracked 
|  76|0x0000000086e00000, 0x0000000086e00000, 0x0000000086f00000|  0%| F|  |TAMS 0x0000000086e00000, 0x0000000086e00000| Untracked 
|  77|0x0000000086f00000, 0x0000000086f00000, 0x0000000087000000|  0%| F|  |TAMS 0x0000000086f00000, 0x0000000086f00000| Untracked 
|  78|0x0000000087000000, 0x0000000087000000, 0x0000000087100000|  0%| F|  |TAMS 0x0000000087000000, 0x0000000087000000| Untracked 
|  79|0x0000000087100000, 0x0000000087100000, 0x0000000087200000|  0%| F|  |TAMS 0x0000000087100000, 0x0000000087100000| Untracked 
|  80|0x0000000087200000, 0x0000000087200000, 0x0000000087300000|  0%| F|  |TAMS 0x0000000087200000, 0x0000000087200000| Untracked 
|  81|0x0000000087300000, 0x0000000087300000, 0x0000000087400000|  0%| F|  |TAMS 0x0000000087300000, 0x0000000087300000| Untracked 
|  82|0x0000000087400000, 0x0000000087400000, 0x0000000087500000|  0%| F|  |TAMS 0x0000000087400000, 0x0000000087400000| Untracked 
|  83|0x0000000087500000, 0x0000000087500000, 0x0000000087600000|  0%| F|  |TAMS 0x0000000087500000, 0x0000000087500000| Untracked 
|  84|0x0000000087600000, 0x0000000087600000, 0x0000000087700000|  0%| F|  |TAMS 0x0000000087600000, 0x0000000087600000| Untracked 
|  85|0x0000000087700000, 0x0000000087700000, 0x0000000087800000|  0%| F|  |TAMS 0x0000000087700000, 0x0000000087700000| Untracked 
|  86|0x0000000087800000, 0x0000000087800000, 0x0000000087900000|  0%| F|  |TAMS 0x0000000087800000, 0x0000000087800000| Untracked 
|  87|0x0000000087900000, 0x0000000087900000, 0x0000000087a00000|  0%| F|  |TAMS 0x0000000087900000, 0x0000000087900000| Untracked 
|  88|0x0000000087a00000, 0x0000000087a00000, 0x0000000087b00000|  0%| F|  |TAMS 0x0000000087a00000, 0x0000000087a00000| Untracked 
|  89|0x0000000087b00000, 0x0000000087b00000, 0x0000000087c00000|  0%| F|  |TAMS 0x0000000087b00000, 0x0000000087b00000| Untracked 
|  90|0x0000000087c00000, 0x0000000087c00000, 0x0000000087d00000|  0%| F|  |TAMS 0x0000000087c00000, 0x0000000087c00000| Untracked 
|  91|0x0000000087d00000, 0x0000000087d00000, 0x0000000087e00000|  0%| F|  |TAMS 0x0000000087d00000, 0x0000000087d00000| Untracked 
|  92|0x0000000087e00000, 0x0000000087e00000, 0x0000000087f00000|  0%| F|  |TAMS 0x0000000087e00000, 0x0000000087e00000| Untracked 
|  93|0x0000000087f00000, 0x0000000087f00000, 0x0000000088000000|  0%| F|  |TAMS 0x0000000087f00000, 0x0000000087f00000| Untracked 
|  94|0x0000000088000000, 0x0000000088000000, 0x0000000088100000|  0%| F|  |TAMS 0x0000000088000000, 0x0000000088000000| Untracked 
|  95|0x0000000088100000, 0x0000000088100000, 0x0000000088200000|  0%| F|  |TAMS 0x0000000088100000, 0x0000000088100000| Untracked 
|  96|0x0000000088200000, 0x0000000088200000, 0x0000000088300000|  0%| F|  |TAMS 0x0000000088200000, 0x0000000088200000| Untracked 
|  97|0x0000000088300000, 0x0000000088300000, 0x0000000088400000|  0%| F|  |TAMS 0x0000000088300000, 0x0000000088300000| Untracked 
|  98|0x0000000088400000, 0x0000000088400000, 0x0000000088500000|  0%| F|  |TAMS 0x0000000088400000, 0x0000000088400000| Untracked 
|  99|0x0000000088500000, 0x0000000088600000, 0x0000000088600000|100%| S|CS|TAMS 0x0000000088500000, 0x0000000088500000| Complete 
| 100|0x0000000088600000, 0x0000000088700000, 0x0000000088700000|100%| S|CS|TAMS 0x0000000088600000, 0x0000000088600000| Complete 
| 101|0x0000000088700000, 0x0000000088800000, 0x0000000088800000|100%| S|CS|TAMS 0x0000000088700000, 0x0000000088700000| Complete 
| 102|0x0000000088800000, 0x0000000088800000, 0x0000000088900000|  0%| F|  |TAMS 0x0000000088800000, 0x0000000088800000| Untracked 
| 103|0x0000000088900000, 0x0000000088900000, 0x0000000088a00000|  0%| F|  |TAMS 0x0000000088900000, 0x0000000088900000| Untracked 
| 104|0x0000000088a00000, 0x0000000088a00000, 0x0000000088b00000|  0%| F|  |TAMS 0x0000000088a00000, 0x0000000088a00000| Untracked 
| 105|0x0000000088b00000, 0x0000000088b00000, 0x0000000088c00000|  0%| F|  |TAMS 0x0000000088b00000, 0x0000000088b00000| Untracked 
| 106|0x0000000088c00000, 0x0000000088c00000, 0x0000000088d00000|  0%| F|  |TAMS 0x0000000088c00000, 0x0000000088c00000| Untracked 
| 107|0x0000000088d00000, 0x0000000088d00000, 0x0000000088e00000|  0%| F|  |TAMS 0x0000000088d00000, 0x0000000088d00000| Untracked 
| 108|0x0000000088e00000, 0x0000000088e00000, 0x0000000088f00000|  0%| F|  |TAMS 0x0000000088e00000, 0x0000000088e00000| Untracked 
| 109|0x0000000088f00000, 0x0000000088f00000, 0x0000000089000000|  0%| F|  |TAMS 0x0000000088f00000, 0x0000000088f00000| Untracked 
| 110|0x0000000089000000, 0x0000000089000000, 0x0000000089100000|  0%| F|  |TAMS 0x0000000089000000, 0x0000000089000000| Untracked 
| 111|0x0000000089100000, 0x0000000089100000, 0x0000000089200000|  0%| F|  |TAMS 0x0000000089100000, 0x0000000089100000| Untracked 
| 112|0x0000000089200000, 0x0000000089200000, 0x0000000089300000|  0%| F|  |TAMS 0x0000000089200000, 0x0000000089200000| Untracked 
| 113|0x0000000089300000, 0x0000000089300000, 0x0000000089400000|  0%| F|  |TAMS 0x0000000089300000, 0x0000000089300000| Untracked 
| 114|0x0000000089400000, 0x0000000089400000, 0x0000000089500000|  0%| F|  |TAMS 0x0000000089400000, 0x0000000089400000| Untracked 
| 115|0x0000000089500000, 0x0000000089500000, 0x0000000089600000|  0%| F|  |TAMS 0x0000000089500000, 0x0000000089500000| Untracked 
| 116|0x0000000089600000, 0x0000000089600000, 0x0000000089700000|  0%| F|  |TAMS 0x0000000089600000, 0x0000000089600000| Untracked 
| 117|0x0000000089700000, 0x0000000089700000, 0x0000000089800000|  0%| F|  |TAMS 0x0000000089700000, 0x0000000089700000| Untracked 
| 118|0x0000000089800000, 0x0000000089900000, 0x0000000089900000|100%| E|  |TAMS 0x0000000089800000, 0x0000000089800000| Complete 
| 119|0x0000000089900000, 0x0000000089a00000, 0x0000000089a00000|100%| E|CS|TAMS 0x0000000089900000, 0x0000000089900000| Complete 
| 120|0x0000000089a00000, 0x0000000089b00000, 0x0000000089b00000|100%| E|CS|TAMS 0x0000000089a00000, 0x0000000089a00000| Complete 
| 121|0x0000000089b00000, 0x0000000089c00000, 0x0000000089c00000|100%| E|CS|TAMS 0x0000000089b00000, 0x0000000089b00000| Complete 
| 122|0x0000000089c00000, 0x0000000089d00000, 0x0000000089d00000|100%| E|CS|TAMS 0x0000000089c00000, 0x0000000089c00000| Complete 
| 123|0x0000000089d00000, 0x0000000089e00000, 0x0000000089e00000|100%| E|CS|TAMS 0x0000000089d00000, 0x0000000089d00000| Complete 
| 124|0x0000000089e00000, 0x0000000089f00000, 0x0000000089f00000|100%| E|CS|TAMS 0x0000000089e00000, 0x0000000089e00000| Complete 
| 125|0x0000000089f00000, 0x000000008a000000, 0x000000008a000000|100%| E|CS|TAMS 0x0000000089f00000, 0x0000000089f00000| Complete 

Card table byte_map: [0x0000024a20e90000,0x0000024a21280000] _byte_map_base: 0x0000024a20a7f000

Marking Bits (Prev, Next): (CMBitMap*) 0x0000024a0b8de718, (CMBitMap*) 0x0000024a0b8de750
 Prev Bits: [0x0000024a21670000, 0x0000024a235e8000)
 Next Bits: [0x0000024a235f0000, 0x0000024a25568000)

Polling page: 0x0000024a0b7d0000

Metaspace:

Usage:
  Non-class:      8.26 MB capacity,     7.92 MB ( 96%) used,   298.01 KB (  4%) free+waste,    45.25 KB ( <1%) overhead. 
      Class:      1.36 MB capacity,     1.12 MB ( 82%) used,   225.59 KB ( 16%) free+waste,    29.63 KB (  2%) overhead. 
       Both:      9.62 MB capacity,     9.04 MB ( 94%) used,   523.59 KB (  5%) free+waste,    74.88 KB ( <1%) overhead. 

Virtual space:
  Non-class space:       10.00 MB reserved,       8.50 MB ( 85%) committed 
      Class space:        1.00 GB reserved,       1.38 MB ( <1%) committed 
             Both:        1.01 GB reserved,       9.88 MB ( <1%) committed 

Chunk freelists:
   Non-Class:  54.00 KB
       Class:  0 bytes
        Both:  54.00 KB

CodeHeap 'non-profiled nmethods': size=120000Kb used=538Kb max_used=538Kb free=119461Kb
 bounds [0x0000024a19240000, 0x0000024a194b0000, 0x0000024a20770000]
CodeHeap 'profiled nmethods': size=120000Kb used=2935Kb max_used=2935Kb free=117064Kb
 bounds [0x0000024a11d10000, 0x0000024a11ff0000, 0x0000024a19240000]
CodeHeap 'non-nmethods': size=5760Kb used=1148Kb max_used=1176Kb free=4612Kb
 bounds [0x0000024a11770000, 0x0000024a119e0000, 0x0000024a11d10000]
 total_blobs=2329 nmethods=1550 adapters=388
 compilation: enabled
              stopped_count=0, restarted_count=0
 full_count=0

Compilation events (10 events):
Event: 1.327 Thread 0x0000024a27fad000 nmethod 1465 0x0000024a11fd4c90 code [0x0000024a11fd4e60, 0x0000024a11fd5170]
Event: 1.327 Thread 0x0000024a27fad000 1466       3       java.lang.invoke.DirectMethodHandle$Holder::invokeStatic (20 bytes)
Event: 1.327 Thread 0x0000024a27fad000 nmethod 1466 0x0000024a11fd5290 code [0x0000024a11fd5480, 0x0000024a11fd5aa0]
Event: 1.327 Thread 0x0000024a27fad000 1467       3       java.lang.invoke.BoundMethodHandle$Species_LL::make (12 bytes)
Event: 1.328 Thread 0x0000024a27fad000 nmethod 1467 0x0000024a11fd5c10 code [0x0000024a11fd5de0, 0x0000024a11fd6110]
Event: 1.328 Thread 0x0000024a27fad000 1468       3       java.lang.invoke.BoundMethodHandle$Species_LL::<init> (18 bytes)
Event: 1.328 Thread 0x0000024a27fad000 nmethod 1468 0x0000024a11fd6210 code [0x0000024a11fd63e0, 0x0000024a11fd66f0]
Event: 1.328 Thread 0x0000024a27fad000 1469       3       java.lang.invoke.MethodHandles$Lookup::findBoundCallerClass (36 bytes)
Event: 1.329 Thread 0x0000024a27fad000 nmethod 1469 0x0000024a11fd6810 code [0x0000024a11fd6a40, 0x0000024a11fd7300]
Event: 1.329 Thread 0x0000024a27fad000 1471       3       java.lang.invoke.MemberName::getFactory (4 bytes)

GC Heap History (2 events):
Event: 1.192 GC heap before
{Heap before GC invocations=0 (full 0):
 garbage-first heap   total 129024K, used 23552K [0x0000000082200000, 0x0000000100000000)
  region size 1024K, 24 young (24576K), 0 survivors (0K)
 Metaspace       used 7202K, capacity 7850K, committed 7936K, reserved 1056768K
  class space    used 852K, capacity 996K, committed 1024K, reserved 1048576K
}
Event: 1.199 GC heap after
{Heap after GC invocations=1 (full 0):
 garbage-first heap   total 129024K, used 5180K [0x0000000082200000, 0x0000000100000000)
  region size 1024K, 3 young (3072K), 3 survivors (3072K)
 Metaspace       used 7202K, capacity 7850K, committed 7936K, reserved 1056768K
  class space    used 852K, capacity 996K, committed 1024K, reserved 1048576K
}

Deoptimization events (10 events):
Event: 1.289 Thread 0x0000024a0d8bd000 DEOPT PACKING pc=0x0000024a192b1114 sp=0x000000fdd2efaba0
Event: 1.289 Thread 0x0000024a0d8bd000 DEOPT UNPACKING pc=0x0000024a1179922f sp=0x000000fdd2efaac0 mode 2
Event: 1.292 Thread 0x0000024a0d8bd000 Uncommon trap: trap_request=0xffffff4d fr.pc=0x0000024a192a2ee0 relative=0x00000000000003e0
Event: 1.292 Thread 0x0000024a0d8bd000 Uncommon trap: reason=unstable_if action=reinterpret pc=0x0000024a192a2ee0 method=jdk.internal.org.objectweb.asm.MethodWriter.visitVarInsn(II)V @ 148 c2
Event: 1.292 Thread 0x0000024a0d8bd000 DEOPT PACKING pc=0x0000024a192a2ee0 sp=0x000000fdd2efb5a0
Event: 1.292 Thread 0x0000024a0d8bd000 DEOPT UNPACKING pc=0x0000024a1179922f sp=0x000000fdd2efb538 mode 2
Event: 1.317 Thread 0x0000024a0d8bd000 Uncommon trap: trap_request=0xffffffde fr.pc=0x0000024a192ac128 relative=0x0000000000001068
Event: 1.317 Thread 0x0000024a0d8bd000 Uncommon trap: reason=class_check action=maybe_recompile pc=0x0000024a192ac128 method=java.util.concurrent.ConcurrentHashMap.putVal(Ljava/lang/Object;Ljava/lang/Object;Z)Ljava/lang/Object; @ 159 c2
Event: 1.317 Thread 0x0000024a0d8bd000 DEOPT PACKING pc=0x0000024a192ac128 sp=0x000000fdd2efd8f0
Event: 1.317 Thread 0x0000024a0d8bd000 DEOPT UNPACKING pc=0x0000024a1179922f sp=0x000000fdd2efd880 mode 2

Classes redefined (0 events):
No events

Internal exceptions (10 events):
Event: 1.322 Thread 0x0000024a0d8bd000 Exception <a 'java/lang/NoSuchMethodError'{0x0000000089a97e40}: 'long java.lang.invoke.DirectMethodHandle$Holder.invokeStatic(java.lang.Object, int)'> (0x0000000089a97e40) thrown at [c:/BuildAgent/work/5ff2f6c26000d570/src/hotspot/share/interpreter/linkRe
Event: 1.324 Thread 0x0000024a0d8bd000 Exception <a 'java/lang/NoSuchMethodError'{0x0000000089aa9698}: 'void java.lang.invoke.DirectMethodHandle$Holder.invokeStatic(java.lang.Object, java.lang.Object, int, java.lang.Object)'> (0x0000000089aa9698) thrown at [c:/BuildAgent/work/5ff2f6c26000d570/
Event: 1.325 Thread 0x0000024a0d8bd000 Exception <a 'java/lang/NoSuchMethodError'{0x0000000089aacb28}: 'void java.lang.invoke.DirectMethodHandle$Holder.invokeSpecial(java.lang.Object, java.lang.Object, java.lang.Object, int, java.lang.Object)'> (0x0000000089aacb28) thrown at [c:/BuildAgent/wor
Event: 1.325 Thread 0x0000024a0d8bd000 Exception <a 'java/lang/NoSuchMethodError'{0x0000000089aafb30}: 'void java.lang.invoke.DelegatingMethodHandle$Holder.delegate(java.lang.Object, java.lang.Object, int, java.lang.Object)'> (0x0000000089aafb30) thrown at [c:/BuildAgent/work/5ff2f6c26000d570/
Event: 1.326 Thread 0x0000024a0d8bd000 Exception <a 'java/lang/NoSuchMethodError'{0x0000000089ab6948}: 'long java.lang.invoke.DirectMethodHandle$Holder.invokeStatic(java.lang.Object, java.lang.Object, int)'> (0x0000000089ab6948) thrown at [c:/BuildAgent/work/5ff2f6c26000d570/src/hotspot/share/
Event: 1.326 Thread 0x0000024a0d8bd000 Exception <a 'java/lang/NoSuchMethodError'{0x0000000089abcb08}: 'long java.lang.invoke.DelegatingMethodHandle$Holder.delegate(java.lang.Object, java.lang.Object, int)'> (0x0000000089abcb08) thrown at [c:/BuildAgent/work/5ff2f6c26000d570/src/hotspot/share/
Event: 1.327 Thread 0x0000024a0d8bd000 Exception <a 'java/lang/NoSuchMethodError'{0x0000000089abfa10}: 'long java.lang.invoke.DelegatingMethodHandle$Holder.reinvoke_L(java.lang.Object, java.lang.Object, int)'> (0x0000000089abfa10) thrown at [c:/BuildAgent/work/5ff2f6c26000d570/src/hotspot/shar
Event: 1.327 Thread 0x0000024a0d8bd000 Exception <a 'java/lang/NoSuchMethodError'{0x0000000089ac5388}: 'void java.lang.invoke.DelegatingMethodHandle$Holder.reinvoke_L(java.lang.Object, java.lang.Object, int, java.lang.Object)'> (0x0000000089ac5388) thrown at [c:/BuildAgent/work/5ff2f6c26000d57
Event: 1.328 Thread 0x0000024a0d8bd000 Exception <a 'java/lang/NoSuchMethodError'{0x0000000089ad1b68}: 'void java.lang.invoke.DelegatingMethodHandle$Holder.delegate(java.lang.Object, java.lang.Object, int, long)'> (0x0000000089ad1b68) thrown at [c:/BuildAgent/work/5ff2f6c26000d570/src/hotspot/
Event: 1.328 Thread 0x0000024a0d8bd000 Exception <a 'java/lang/NoSuchMethodError'{0x0000000089ad4bb0}: 'void java.lang.invoke.DelegatingMethodHandle$Holder.reinvoke_L(java.lang.Object, java.lang.Object, int, long)'> (0x0000000089ad4bb0) thrown at [c:/BuildAgent/work/5ff2f6c26000d570/src/hotspo

Events (10 events):
Event: 1.315 loading class java/lang/invoke/MethodHandleImpl$WrappedMember
Event: 1.315 loading class java/lang/invoke/MethodHandleImpl$WrappedMember done
Event: 1.324 loading class java/lang/invoke/MethodHandleImpl$ArrayAccess
Event: 1.324 loading class java/lang/invoke/MethodHandleImpl$ArrayAccess done
Event: 1.324 loading class java/lang/invoke/MethodHandleImpl$2
Event: 1.324 loading class java/lang/invoke/MethodHandleImpl$2 done
Event: 1.324 loading class java/lang/invoke/MethodHandleImpl$ArrayAccessor
Event: 1.324 loading class java/lang/invoke/MethodHandleImpl$ArrayAccessor done
Event: 1.324 loading class java/lang/invoke/MethodHandleImpl$ArrayAccessor$1
Event: 1.324 loading class java/lang/invoke/MethodHandleImpl$ArrayAccessor$1 done


Dynamic libraries:
0x00007ff6df0a0000 - 0x00007ff6df0e7000 	C:\Program Files\JetBrains\IntelliJ IDEA Community Edition 2019.3\jbr\bin\java.exe
0x00007ffd29c20000 - 0x00007ffd29e01000 	C:\Windows\SYSTEM32\ntdll.dll
0x00007ffd29ad0000 - 0x00007ffd29b82000 	C:\Windows\System32\KERNEL32.DLL
0x00007ffd26170000 - 0x00007ffd263e3000 	C:\Windows\System32\KERNELBASE.dll
0x00007ffd29010000 - 0x00007ffd291a0000 	C:\Windows\System32\USER32.dll
0x00007ffd26590000 - 0x00007ffd265b0000 	C:\Windows\System32\win32u.dll
0x00007ffd291a0000 - 0x00007ffd291c8000 	C:\Windows\System32\GDI32.dll
0x00007ffd263f0000 - 0x00007ffd26582000 	C:\Windows\System32\gdi32full.dll
0x00007ffd26eb0000 - 0x00007ffd26f4f000 	C:\Windows\System32\msvcp_win.dll
0x00007ffd26070000 - 0x00007ffd2616a000 	C:\Windows\System32\ucrtbase.dll
0x00007ffd13950000 - 0x00007ffd13bb9000 	C:\Windows\WinSxS\amd64_microsoft.windows.common-controls_6595b64144ccf1df_6.0.17134.165_none_fb429645306569ac\COMCTL32.dll
0x00007ffd28e80000 - 0x00007ffd28f1e000 	C:\Windows\System32\msvcrt.dll
0x00007ffd27570000 - 0x00007ffd27893000 	C:\Windows\System32\combase.dll
0x00007ffd271c0000 - 0x00007ffd272e4000 	C:\Windows\System32\RPCRT4.dll
0x00007ffd25ff0000 - 0x00007ffd2606a000 	C:\Windows\System32\bcryptPrimitives.dll
0x00007ffd272f0000 - 0x00007ffd2731d000 	C:\Windows\System32\IMM32.DLL
0x00007ffd24b90000 - 0x00007ffd24ba7000 	C:\Program Files\JetBrains\IntelliJ IDEA Community Edition 2019.3\jbr\bin\vcruntime140.dll
0x00007ffd10060000 - 0x00007ffd100fd000 	C:\Program Files\JetBrains\IntelliJ IDEA Community Edition 2019.3\jbr\bin\msvcp140.dll
0x00007ffcdb2c0000 - 0x00007ffcdbd78000 	C:\Program Files\JetBrains\IntelliJ IDEA Community Edition 2019.3\jbr\bin\server\jvm.dll
0x00007ffd27110000 - 0x00007ffd271b1000 	C:\Windows\System32\ADVAPI32.dll
0x00007ffd270b0000 - 0x00007ffd2710b000 	C:\Windows\System32\sechost.dll
0x00007ffd293b0000 - 0x00007ffd293b8000 	C:\Windows\System32\PSAPI.DLL
0x00007ffd0fc20000 - 0x00007ffd0fc29000 	C:\Windows\SYSTEM32\WSOCK32.dll
0x00007ffd20ca0000 - 0x00007ffd20cc3000 	C:\Windows\SYSTEM32\WINMM.dll
0x00007ffd13840000 - 0x00007ffd1384a000 	C:\Windows\SYSTEM32\VERSION.dll
0x00007ffd291d0000 - 0x00007ffd2923c000 	C:\Windows\System32\WS2_32.dll
0x00007ffd20c70000 - 0x00007ffd20c9a000 	C:\Windows\SYSTEM32\winmmbase.dll
0x00007ffd26fb0000 - 0x00007ffd26ff9000 	C:\Windows\System32\cfgmgr32.dll
0x00007ffd25f80000 - 0x00007ffd25f91000 	C:\Windows\System32\kernel.appcore.dll
0x00007ffd1d0d0000 - 0x00007ffd1d0e1000 	C:\Program Files\JetBrains\IntelliJ IDEA Community Edition 2019.3\jbr\bin\verify.dll
0x00007ffd242d0000 - 0x00007ffd24499000 	C:\Windows\SYSTEM32\DBGHELP.DLL
0x00007ffd0c4c0000 - 0x00007ffd0c4e9000 	C:\Windows\SYSTEM32\dbgcore.DLL
0x00007ffd12fb0000 - 0x00007ffd12fd9000 	C:\Program Files\JetBrains\IntelliJ IDEA Community Edition 2019.3\jbr\bin\java.dll
0x00007ffd103f0000 - 0x00007ffd10424000 	C:\Program Files\JetBrains\IntelliJ IDEA Community Edition 2019.3\jbr\bin\instrument.dll
0x00007ffd130a0000 - 0x00007ffd130b7000 	C:\Program Files\JetBrains\IntelliJ IDEA Community Edition 2019.3\jbr\bin\zip.dll
0x00007ffd1f580000 - 0x00007ffd1f58b000 	C:\Program Files\JetBrains\IntelliJ IDEA Community Edition 2019.3\jbr\bin\jimage.dll
0x00007ffd278a0000 - 0x00007ffd28ce0000 	C:\Windows\System32\SHELL32.dll
0x00007ffd27320000 - 0x00007ffd273c9000 	C:\Windows\System32\shcore.dll
0x00007ffd267a0000 - 0x00007ffd26ead000 	C:\Windows\System32\windows.storage.dll
0x00007ffd298f0000 - 0x00007ffd29941000 	C:\Windows\System32\shlwapi.dll
0x00007ffd25fa0000 - 0x00007ffd25fbf000 	C:\Windows\System32\profapi.dll
0x00007ffd25f30000 - 0x00007ffd25f7c000 	C:\Windows\System32\powrprof.dll
0x00007ffd25fc0000 - 0x00007ffd25fca000 	C:\Windows\System32\FLTLIB.DLL
0x00007ffd12d40000 - 0x00007ffd12d5a000 	C:\Program Files\JetBrains\IntelliJ IDEA Community Edition 2019.3\jbr\bin\net.dll
0x00007ffd14a40000 - 0x00007ffd14c08000 	C:\Windows\SYSTEM32\urlmon.dll
0x00007ffd1a180000 - 0x00007ffd1a25c000 	C:\Windows\SYSTEM32\WINHTTP.dll
0x00007ffd14e70000 - 0x00007ffd15112000 	C:\Windows\SYSTEM32\iertutil.dll
0x00007ffd25860000 - 0x00007ffd2586b000 	C:\Windows\SYSTEM32\CRYPTBASE.DLL
0x00007ffd25700000 - 0x00007ffd25766000 	C:\Windows\system32\mswsock.dll
0x00007ffd12b50000 - 0x00007ffd12b64000 	C:\Program Files\JetBrains\IntelliJ IDEA Community Edition 2019.3\jbr\bin\nio.dll
0x00007ffd1ddb0000 - 0x00007ffd1ddca000 	C:\Program Files\JetBrains\IntelliJ IDEA Community Edition 2019.3\bin\breakgen64.dll

dbghelp: loaded successfully - version: 4.0.5 - missing functions: none
symbol engine: initialized successfully - sym options: 0x614 - pdb path: .;C:\Program Files\JetBrains\IntelliJ IDEA Community Edition 2019.3\jbr\bin;C:\Windows\SYSTEM32;C:\Windows\WinSxS\amd64_microsoft.windows.common-controls_6595b64144ccf1df_6.0.17134.165_none_fb429645306569ac;C:\Program Files\JetBrains\IntelliJ IDEA Community Edition 2019.3\jbr\bin\server;C:\Program Files\JetBrains\IntelliJ IDEA Community Edition 2019.3\bin

VM Arguments:
jvm_args: -Dorg.jetbrains.run.directory=C:\Users\raghavendran.MAVERICSYSTEMS\Desktop\Bacb\src\test\java\examples\users -javaagent:C:\Program Files\JetBrains\IntelliJ IDEA Community Edition 2019.3\lib\idea_rt.jar=55507:C:\Program Files\JetBrains\IntelliJ IDEA Community Edition 2019.3\bin -Dfile.encoding=UTF-8 
java_command: cucumber.api.cli.Main --plugin org.jetbrains.plugins.cucumber.java.run.CucumberJvmSMFormatter --monochrome --name ^US\#19\,check without Authorization for Detail permissions$ --glue com.intuit.karate C:/Users/raghavendran.MAVERICSYSTEMS/Desktop/Bacb/src/test/java/examples/users/Accounts.feature
java_class_path (initial): C:\Users\raghavendran.MAVERICSYSTEMS\Desktop\Bacb\target\test-classes;C:\Users\raghavendran.MAVERICSYSTEMS\Desktop\Bacb\target\classes;C:\Users\raghavendran.MAVERICSYSTEMS\.m2\repository\org\seleniumhq\selenium\selenium-java\3.141.59\selenium-java-3.141.59.jar;C:\Users\raghavendran.MAVERICSYSTEMS\.m2\repository\org\seleniumhq\selenium\selenium-api\3.141.59\selenium-api-3.141.59.jar;C:\Users\raghavendran.MAVERICSYSTEMS\.m2\repository\org\seleniumhq\selenium\selenium-chrome-driver\3.141.59\selenium-chrome-driver-3.141.59.jar;C:\Users\raghavendran.MAVERICSYSTEMS\.m2\repository\org\seleniumhq\selenium\selenium-edge-driver\3.141.59\selenium-edge-driver-3.141.59.jar;C:\Users\raghavendran.MAVERICSYSTEMS\.m2\repository\org\seleniumhq\selenium\selenium-firefox-driver\3.141.59\selenium-firefox-driver-3.141.59.jar;C:\Users\raghavendran.MAVERICSYSTEMS\.m2\repository\org\seleniumhq\selenium\selenium-ie-driver\3.141.59\selenium-ie-driver-3.141.59.jar;C:\Users\raghavendran.MAVERICSYSTEMS\.m2\repository\org\seleniumhq\selenium\selenium-opera-driver\3.141.59\selenium-opera-driver-3.141.59.jar;C:\Users\raghavendran.MAVERICSYSTEMS\.m2\repository\org\seleniumhq\selenium\selenium-remote-driver\3.141.59\selenium-remote-driver-3.141.59.jar;C:\Users\raghavendran.MAVERICSYSTEMS\.m2\repository\org\seleniumhq\selenium\selenium-safari-driver\3.141.59\selenium-safari-driver-3.141.59.jar;C:\Users\raghavendran.MAVERICSYSTEMS\.m2\repository\org\seleniumhq\selenium\selenium-support\3.141.59\selenium-support-3.141.59.jar;C:\Users\raghavendran.MAVERICSYSTEMS\.m2\repository\net\bytebuddy\byte-buddy\1.8.15\byte-buddy-1.8.15.jar;C:\Users\raghavendran.MAVERICSYSTEMS\.m2\repository\org\apache\commons\commons-exec\1.3\commons-exec-1.3.jar;C:\Users\raghavendran.MAVERICSYSTEMS\.m2\repository\com\google\guava\guava\25.0-jre\guava-25.0-jre.jar;C:\Users\raghavendran.MAVERICSYSTEMS\.m2\repository\com\google\code\findbugs\jsr305\1.3.9\jsr305-1.3.9.jar;C:\Users\raghavendran.MAVERICSYST
Launcher Type: SUN_STANDARD

[Global flags]
     intx CICompilerCount                          = 4                                         {product} {ergonomic}
     uint ConcGCThreads                            = 2                                         {product} {ergonomic}
     uint G1ConcRefinementThreads                  = 8                                         {product} {ergonomic}
   size_t G1HeapRegionSize                         = 1048576                                   {product} {ergonomic}
    uintx GCDrainStackTargetSize                   = 64                                        {product} {ergonomic}
   size_t InitialHeapSize                          = 132120576                                 {product} {ergonomic}
   size_t MarkStackSize                            = 4194304                                   {product} {ergonomic}
   size_t MaxHeapSize                              = 2111832064                                {product} {ergonomic}
   size_t MaxNewSize                               = 1266679808                                {product} {ergonomic}
   size_t MinHeapDeltaBytes                        = 1048576                                   {product} {ergonomic}
    uintx NonNMethodCodeHeapSize                   = 5835340                                {pd product} {ergonomic}
    uintx NonProfiledCodeHeapSize                  = 122911450                              {pd product} {ergonomic}
    uintx ProfiledCodeHeapSize                     = 122911450                              {pd product} {ergonomic}
    uintx ReservedCodeCacheSize                    = 251658240                              {pd product} {ergonomic}
     bool SegmentedCodeCache                       = true                                      {product} {ergonomic}
     bool UseCompressedClassPointers               = true                                 {lp64_product} {ergonomic}
     bool UseCompressedOops                        = true                                 {lp64_product} {ergonomic}
     bool UseG1GC                                  = true                                      {product} {ergonomic}
     bool UseLargePagesIndividualAllocation        = false                                  {pd product} {ergonomic}

Logging:
Log output configuration:
 #0: stdout all=warning uptime,level,tags
 #1: stderr all=off uptime,level,tags

Environment Variables:
PATH=C:\Program Files\AdoptOpenJDK\jdk8u202-b08\bin;C:\ProgramData\Oracle\Java\javapath;C:\Program Files (x86)\Intel\Intel(R) Management Engine Components\iCLS\;C:\Program Files\Intel\Intel(R) Management Engine Components\iCLS\;C:\Windows\system32;C:\Windows;C:\Windows\System32\Wbem;C:\Windows\System32\WindowsPowerShell\v1.0\;C:\Windows\System32\OpenSSH\;C:\Program Files (x86)\Intel\Intel(R) Management Engine Components\DAL;C:\Program Files\Intel\Intel(R) Management Engine Components\DAL;C:\Program Files\PuTTY\;C:\Program Files\Microsoft SQL Server\130\Tools\Binn\;C:\Program Files\nodejs\;C:\Program Files\Git\cmd;C:\Users\raghavendran.MAVERICSYSTEMS\Downloads\apache-maven-3.6.2-bin\apache-maven-3.6.2\bin;C:\Program Files\MySQL\MySQL Shell 8.0\bin\;C:\Users\raghavendran.MAVERICSYSTEMS\AppData\Roaming\npm
USERNAME=raghavendran
OS=Windows_NT
PROCESSOR_IDENTIFIER=Intel64 Family 6 Model 142 Stepping 10, GenuineIntel



---------------  S Y S T E M  ---------------

OS: Windows 10 , 64 bit Build 17134 (10.0.17134.1)

CPU:total 8 (initial active 8) (4 cores per cpu, 2 threads per core) family 6 model 142 stepping 10, cmov, cx8, fxsr, mmx, sse, sse2, sse3, ssse3, sse4.1, sse4.2, popcnt, avx, avx2, aes, clmul, erms, 3dnowpref, lzcnt, ht, tsc, tscinvbit, bmi1, bmi2, adx, fma

Memory: 4k page, system-wide physical 8052M (541M free)
TotalPageFile size 25460M (AvailPageFile size 3M)
current process WorkingSet (physical memory assigned to process): 95M, peak: 95M
current process commit charge ("private bytes"): 225M, peak: 225M

vm_info: OpenJDK 64-Bit Server VM (11.0.4+10-b520.11) for windows-amd64 JRE (11.0.4+10-b520.11), built on Nov 16 2019 04:35:14 by "" with MS VC++ 14.0 (VS2015)

END.
