#
# There is insufficient memory for the Java Runtime Environment to continue.
# Native memory allocation (malloc) failed to allocate 103056 bytes for Chunk::new
# Possible reasons:
#   The system is out of physical RAM or swap space
#   The process is running with CompressedOops enabled, and the Java Heap may be blocking the growth of the native heap
# Possible solutions:
#   Reduce memory load on the system
#   Increase physical memory or swap space
#   Check if swap backing store is full
#   Decrease Java heap size (-Xmx/-Xms)
#   Decrease number of Java threads
#   Decrease Java thread stack sizes (-Xss)
#   Set larger code cache with -XX:ReservedCodeCacheSize=
#   JVM is running with Unscaled Compressed Oops mode in which the Java heap is
#     placed in the first 4GB address space. The Java Heap base address is the
#     maximum limit for the native heap growth. Please use -XX:HeapBaseMinAddress
#     to set the Java Heap base and to place the Java Heap above 4GB virtual address.
# This output file may be truncated or incomplete.
#
#  Out of Memory Error (c:/BuildAgent/work/5ff2f6c26000d570/src/hotspot/share/memory/arena.cpp:197), pid=75964, tid=55652
#
# JRE version: OpenJDK Runtime Environment (11.0.4+10) (build 11.0.4+10-b520.11)
# Java VM: OpenJDK 64-Bit Server VM (11.0.4+10-b520.11, mixed mode, sharing, tiered, compressed oops, g1 gc, windows-amd64)
# No core dump will be written. Minidumps are not enabled by default on client versions of Windows
#

---------------  S U M M A R Y ------------

Command Line: -Dorg.jetbrains.run.directory=C:\Users\raghavendran.MAVERICSYSTEMS\Desktop\Bacb\src\test\java\examples\users -javaagent:C:\Program Files\JetBrains\IntelliJ IDEA Community Edition 2019.3\lib\idea_rt.jar=53117:C:\Program Files\JetBrains\IntelliJ IDEA Community Edition 2019.3\bin -Dfile.encoding=UTF-8 cucumber.api.cli.Main --plugin org.jetbrains.plugins.cucumber.java.run.CucumberJvmSMFormatter --monochrome --name ^US\#19\,check without Authorization for Detail permissions$ --glue com.intuit.karate C:/Users/raghavendran.MAVERICSYSTEMS/Desktop/Bacb/src/test/java/examples/users/Accounts.feature

Host: Intel(R) Core(TM) i5-8250U CPU @ 1.60GHz, 8 cores, 7G,  Windows 10 , 64 bit Build 17134 (10.0.17134.1)
Time: Fri Dec 20 11:20:51 2019 India Standard Time elapsed time: 19 seconds (0d 0h 0m 19s)

---------------  T H R E A D  ---------------

Current thread (0x0000028004a03000):  JavaThread "C2 CompilerThread0" daemon [_thread_in_native, id=55652, stack(0x000000de75d00000,0x000000de75e00000)]


Current CompileTask:
C2:  19985 4036   !   4       java.util.concurrent.ConcurrentHashMap::computeIfAbsent (576 bytes)

Stack: [0x000000de75d00000,0x000000de75e00000]
Native frames: (J=compiled Java code, j=interpreted, Vv=VM code, C=native code)
V  [jvm.dll+0x5db21a]
V  [jvm.dll+0x70c4f5]
V  [jvm.dll+0x70da18]
V  [jvm.dll+0x70e0e3]
V  [jvm.dll+0x23de68]
V  [jvm.dll+0xb926c]
V  [jvm.dll+0xb976c]
V  [jvm.dll+0x34f3fb]
V  [jvm.dll+0x194140]
V  [jvm.dll+0x1f76ae]
V  [jvm.dll+0x1f6774]
V  [jvm.dll+0x17fd5c]
V  [jvm.dll+0x204ab7]
V  [jvm.dll+0x203352]
V  [jvm.dll+0x6d955f]
V  [jvm.dll+0x6d235d]
V  [jvm.dll+0x5da4f6]
C  [ucrtbase.dll+0x1c02e]
C  [KERNEL32.DLL+0x13034]
C  [ntdll.dll+0x71431]


---------------  P R O C E S S  ---------------

Threads class SMR info:
_java_thread_list=0x000002800653bbe0, length=17, elements={
0x000002806a1dd800, 0x00000280049e3800, 0x00000280049e4800, 0x00000280049fe000,
0x0000028004a02000, 0x0000028004a03000, 0x0000028004a06000, 0x0000028004a0f000,
0x0000028005430800, 0x0000028005722800, 0x000002800573d000, 0x0000028006734000,
0x0000028006730000, 0x0000028006731000, 0x0000028006735000, 0x0000028006735800,
0x0000028006731800
}

Java Threads: ( => current thread )
  0x000002806a1dd800 JavaThread "Forwarding findElement on session 708763f05bd9cd4c2e3e7aa97f75756d to remote" [_thread_in_native, id=71844, stack(0x000000de75200000,0x000000de75300000)]
  0x00000280049e3800 JavaThread "Reference Handler" daemon [_thread_blocked, id=65880, stack(0x000000de75900000,0x000000de75a00000)]
  0x00000280049e4800 JavaThread "Finalizer" daemon [_thread_blocked, id=73000, stack(0x000000de75a00000,0x000000de75b00000)]
  0x00000280049fe000 JavaThread "Signal Dispatcher" daemon [_thread_blocked, id=62100, stack(0x000000de75b00000,0x000000de75c00000)]
  0x0000028004a02000 JavaThread "Attach Listener" daemon [_thread_blocked, id=67984, stack(0x000000de75c00000,0x000000de75d00000)]
=>0x0000028004a03000 JavaThread "C2 CompilerThread0" daemon [_thread_in_native, id=55652, stack(0x000000de75d00000,0x000000de75e00000)]
  0x0000028004a06000 JavaThread "C1 CompilerThread0" daemon [_thread_blocked, id=67660, stack(0x000000de75e00000,0x000000de75f00000)]
  0x0000028004a0f000 JavaThread "Sweeper thread" daemon [_thread_blocked, id=78240, stack(0x000000de75f00000,0x000000de76000000)]
  0x0000028005430800 JavaThread "Common-Cleaner" daemon [_thread_blocked, id=15564, stack(0x000000de76000000,0x000000de76100000)]
  0x0000028005722800 JavaThread "Monitor Ctrl-Break" daemon [_thread_in_native, id=78636, stack(0x000000de76200000,0x000000de76300000)]
  0x000002800573d000 JavaThread "Service Thread" daemon [_thread_blocked, id=75432, stack(0x000000de76300000,0x000000de76400000)]
  0x0000028006734000 JavaThread "Exec Default Executor" daemon [_thread_in_native, id=24584, stack(0x000000de76a00000,0x000000de76b00000)]
  0x0000028006730000 JavaThread "UrlChecker-2" daemon [_thread_blocked, id=64152, stack(0x000000de76b00000,0x000000de76c00000)]
  0x0000028006731000 JavaThread "Exec Stream Pumper" daemon [_thread_in_native, id=70252, stack(0x000000de76c00000,0x000000de76d00000)]
  0x0000028006735000 JavaThread "Exec Stream Pumper" daemon [_thread_in_native, id=5044, stack(0x000000de76d00000,0x000000de76e00000)]
  0x0000028006735800 JavaThread "OkHttp ConnectionPool" daemon [_thread_blocked, id=74148, stack(0x000000de76e00000,0x000000de76f00000)]
  0x0000028006731800 JavaThread "Okio Watchdog" daemon [_thread_blocked, id=45820, stack(0x000000de76f00000,0x000000de77000000)]

Other Threads:
  0x00000280049e1000 VMThread "VM Thread" [stack: 0x000000de75800000,0x000000de75900000] [id=39500]
  0x00000280055b1800 WatcherThread [stack: 0x000000de76400000,0x000000de76500000] [id=77320]
  0x000002806a1f4800 GCTaskThread "GC Thread#0" [stack: 0x000000de75300000,0x000000de75400000] [id=68172]
  0x00000280061cc800 GCTaskThread "GC Thread#1" [stack: 0x000000de76500000,0x000000de76600000] [id=75852]
  0x00000280060cf800 GCTaskThread "GC Thread#2" [stack: 0x000000de76600000,0x000000de76700000] [id=78192]
  0x000002806a220800 ConcurrentGCThread "G1 Main Marker" [stack: 0x000000de75400000,0x000000de75500000] [id=77520]
  0x000002806a222000 ConcurrentGCThread "G1 Conc#0" [stack: 0x000000de75500000,0x000000de75600000] [id=74680]
  0x00000280063c9800 ConcurrentGCThread "G1 Conc#1" [stack: 0x000000de76900000,0x000000de76a00000] [id=66084]
  0x0000028004872800 ConcurrentGCThread "G1 Refine#0" [stack: 0x000000de75600000,0x000000de75700000] [id=78588]
  0x00000280056eb800 ConcurrentGCThread "G1 Refine#1" [stack: 0x000000de76700000,0x000000de76800000] [id=75452]
  0x0000028004873800 ConcurrentGCThread "G1 Young RemSet Sampling" [stack: 0x000000de75700000,0x000000de75800000] [id=34704]

Threads with active compile tasks:
C2 CompilerThread04036   !   4       java.util.concurrent.ConcurrentHashMap::computeIfAbsent (576 bytes)

VM state:not at safepoint (normal execution)

VM Mutex/Monitor currently owned by a thread: None

Heap address: 0x0000000082200000, size: 2014 MB, Compressed Oops mode: 32-bit
Narrow klass base: 0x0000000800000000, Narrow klass shift: 3
Compressed class space size: 1073741824 Address: 0x0000000840000000

Heap:
 garbage-first heap   total 129024K, used 44495K [0x0000000082200000, 0x0000000100000000)
  region size 1024K, 41 young (41984K), 6 survivors (6144K)
 Metaspace       used 27772K, capacity 29108K, committed 29312K, reserved 1075200K
  class space    used 3499K, capacity 4103K, committed 4224K, reserved 1048576K
Heap Regions: E=young(eden), S=young(survivor), O=old, HS=humongous(starts), HC=humongous(continues), CS=collection set, F=free, A=archive, TAMS=top-at-mark-start (previous, next)
|   0|0x0000000082200000, 0x0000000082300000, 0x0000000082300000|100%| O|  |TAMS 0x0000000082300000, 0x0000000082200000| Untracked 
|   1|0x0000000082300000, 0x0000000082400000, 0x0000000082400000|100%| O|  |TAMS 0x0000000082400000, 0x0000000082300000| Untracked 
|   2|0x0000000082400000, 0x0000000082500000, 0x0000000082500000|100%| O|  |TAMS 0x0000000082500000, 0x0000000082400000| Untracked 
|   3|0x0000000082500000, 0x0000000082600000, 0x0000000082600000|100%| O|  |TAMS 0x0000000082600000, 0x0000000082500000| Untracked 
|   4|0x0000000082600000, 0x0000000082700000, 0x0000000082700000|100%| O|  |TAMS 0x0000000082700000, 0x0000000082600000| Untracked 
|   5|0x0000000082700000, 0x000000008271be00, 0x0000000082800000| 10%| O|  |TAMS 0x000000008271be00, 0x0000000082700000| Untracked 
|   6|0x0000000082800000, 0x0000000082800000, 0x0000000082900000|  0%| F|  |TAMS 0x0000000082800000, 0x0000000082800000| Untracked 
|   7|0x0000000082900000, 0x0000000082900000, 0x0000000082a00000|  0%| F|  |TAMS 0x0000000082900000, 0x0000000082900000| Untracked 
|   8|0x0000000082a00000, 0x0000000082a00000, 0x0000000082b00000|  0%| F|  |TAMS 0x0000000082a00000, 0x0000000082a00000| Untracked 
|   9|0x0000000082b00000, 0x0000000082b00000, 0x0000000082c00000|  0%| F|  |TAMS 0x0000000082b00000, 0x0000000082b00000| Untracked 
|  10|0x0000000082c00000, 0x0000000082c00000, 0x0000000082d00000|  0%| F|  |TAMS 0x0000000082c00000, 0x0000000082c00000| Untracked 
|  11|0x0000000082d00000, 0x0000000082d00000, 0x0000000082e00000|  0%| F|  |TAMS 0x0000000082d00000, 0x0000000082d00000| Untracked 
|  12|0x0000000082e00000, 0x0000000082e00000, 0x0000000082f00000|  0%| F|  |TAMS 0x0000000082e00000, 0x0000000082e00000| Untracked 
|  13|0x0000000082f00000, 0x0000000082f00000, 0x0000000083000000|  0%| F|  |TAMS 0x0000000082f00000, 0x0000000082f00000| Untracked 
|  14|0x0000000083000000, 0x0000000083000000, 0x0000000083100000|  0%| F|  |TAMS 0x0000000083000000, 0x0000000083000000| Untracked 
|  15|0x0000000083100000, 0x0000000083100000, 0x0000000083200000|  0%| F|  |TAMS 0x0000000083100000, 0x0000000083100000| Untracked 
|  16|0x0000000083200000, 0x0000000083200000, 0x0000000083300000|  0%| F|  |TAMS 0x0000000083200000, 0x0000000083200000| Untracked 
|  17|0x0000000083300000, 0x0000000083300000, 0x0000000083400000|  0%| F|  |TAMS 0x0000000083300000, 0x0000000083300000| Untracked 
|  18|0x0000000083400000, 0x0000000083400000, 0x0000000083500000|  0%| F|  |TAMS 0x0000000083400000, 0x0000000083400000| Untracked 
|  19|0x0000000083500000, 0x0000000083500000, 0x0000000083600000|  0%| F|  |TAMS 0x0000000083500000, 0x0000000083500000| Untracked 
|  20|0x0000000083600000, 0x0000000083600000, 0x0000000083700000|  0%| F|  |TAMS 0x0000000083600000, 0x0000000083600000| Untracked 
|  21|0x0000000083700000, 0x0000000083700000, 0x0000000083800000|  0%| F|  |TAMS 0x0000000083700000, 0x0000000083700000| Untracked 
|  22|0x0000000083800000, 0x0000000083800000, 0x0000000083900000|  0%| F|  |TAMS 0x0000000083800000, 0x0000000083800000| Untracked 
|  23|0x0000000083900000, 0x0000000083900000, 0x0000000083a00000|  0%| F|  |TAMS 0x0000000083900000, 0x0000000083900000| Untracked 
|  24|0x0000000083a00000, 0x0000000083a00000, 0x0000000083b00000|  0%| F|  |TAMS 0x0000000083a00000, 0x0000000083a00000| Untracked 
|  25|0x0000000083b00000, 0x0000000083b00000, 0x0000000083c00000|  0%| F|  |TAMS 0x0000000083b00000, 0x0000000083b00000| Untracked 
|  26|0x0000000083c00000, 0x0000000083c00000, 0x0000000083d00000|  0%| F|  |TAMS 0x0000000083c00000, 0x0000000083c00000| Untracked 
|  27|0x0000000083d00000, 0x0000000083d00000, 0x0000000083e00000|  0%| F|  |TAMS 0x0000000083d00000, 0x0000000083d00000| Untracked 
|  28|0x0000000083e00000, 0x0000000083e00000, 0x0000000083f00000|  0%| F|  |TAMS 0x0000000083e00000, 0x0000000083e00000| Untracked 
|  29|0x0000000083f00000, 0x0000000083f00000, 0x0000000084000000|  0%| F|  |TAMS 0x0000000083f00000, 0x0000000083f00000| Untracked 
|  30|0x0000000084000000, 0x0000000084000000, 0x0000000084100000|  0%| F|  |TAMS 0x0000000084000000, 0x0000000084000000| Untracked 
|  31|0x0000000084100000, 0x0000000084100000, 0x0000000084200000|  0%| F|  |TAMS 0x0000000084100000, 0x0000000084100000| Untracked 
|  32|0x0000000084200000, 0x0000000084200000, 0x0000000084300000|  0%| F|  |TAMS 0x0000000084200000, 0x0000000084200000| Untracked 
|  33|0x0000000084300000, 0x0000000084300000, 0x0000000084400000|  0%| F|  |TAMS 0x0000000084300000, 0x0000000084300000| Untracked 
|  34|0x0000000084400000, 0x0000000084400000, 0x0000000084500000|  0%| F|  |TAMS 0x0000000084400000, 0x0000000084400000| Untracked 
|  35|0x0000000084500000, 0x0000000084500000, 0x0000000084600000|  0%| F|  |TAMS 0x0000000084500000, 0x0000000084500000| Untracked 
|  36|0x0000000084600000, 0x0000000084600000, 0x0000000084700000|  0%| F|  |TAMS 0x0000000084600000, 0x0000000084600000| Untracked 
|  37|0x0000000084700000, 0x0000000084700000, 0x0000000084800000|  0%| F|  |TAMS 0x0000000084700000, 0x0000000084700000| Untracked 
|  38|0x0000000084800000, 0x0000000084800000, 0x0000000084900000|  0%| F|  |TAMS 0x0000000084800000, 0x0000000084800000| Untracked 
|  39|0x0000000084900000, 0x0000000084900000, 0x0000000084a00000|  0%| F|  |TAMS 0x0000000084900000, 0x0000000084900000| Untracked 
|  40|0x0000000084a00000, 0x0000000084a00000, 0x0000000084b00000|  0%| F|  |TAMS 0x0000000084a00000, 0x0000000084a00000| Untracked 
|  41|0x0000000084b00000, 0x0000000084b00000, 0x0000000084c00000|  0%| F|  |TAMS 0x0000000084b00000, 0x0000000084b00000| Untracked 
|  42|0x0000000084c00000, 0x0000000084c00000, 0x0000000084d00000|  0%| F|  |TAMS 0x0000000084c00000, 0x0000000084c00000| Untracked 
|  43|0x0000000084d00000, 0x0000000084d00000, 0x0000000084e00000|  0%| F|  |TAMS 0x0000000084d00000, 0x0000000084d00000| Untracked 
|  44|0x0000000084e00000, 0x0000000084e00000, 0x0000000084f00000|  0%| F|  |TAMS 0x0000000084e00000, 0x0000000084e00000| Untracked 
|  45|0x0000000084f00000, 0x0000000084f00000, 0x0000000085000000|  0%| F|  |TAMS 0x0000000084f00000, 0x0000000084f00000| Untracked 
|  46|0x0000000085000000, 0x0000000085000000, 0x0000000085100000|  0%| F|  |TAMS 0x0000000085000000, 0x0000000085000000| Untracked 
|  47|0x0000000085100000, 0x0000000085100000, 0x0000000085200000|  0%| F|  |TAMS 0x0000000085100000, 0x0000000085100000| Untracked 
|  48|0x0000000085200000, 0x0000000085200000, 0x0000000085300000|  0%| F|  |TAMS 0x0000000085200000, 0x0000000085200000| Untracked 
|  49|0x0000000085300000, 0x0000000085300000, 0x0000000085400000|  0%| F|  |TAMS 0x0000000085300000, 0x0000000085300000| Untracked 
|  50|0x0000000085400000, 0x0000000085400000, 0x0000000085500000|  0%| F|  |TAMS 0x0000000085400000, 0x0000000085400000| Untracked 
|  51|0x0000000085500000, 0x0000000085500000, 0x0000000085600000|  0%| F|  |TAMS 0x0000000085500000, 0x0000000085500000| Untracked 
|  52|0x0000000085600000, 0x0000000085600000, 0x0000000085700000|  0%| F|  |TAMS 0x0000000085600000, 0x0000000085600000| Untracked 
|  53|0x0000000085700000, 0x0000000085700000, 0x0000000085800000|  0%| F|  |TAMS 0x0000000085700000, 0x0000000085700000| Untracked 
|  54|0x0000000085800000, 0x0000000085800000, 0x0000000085900000|  0%| F|  |TAMS 0x0000000085800000, 0x0000000085800000| Untracked 
|  55|0x0000000085900000, 0x0000000085900000, 0x0000000085a00000|  0%| F|  |TAMS 0x0000000085900000, 0x0000000085900000| Untracked 
|  56|0x0000000085a00000, 0x0000000085a00000, 0x0000000085b00000|  0%| F|  |TAMS 0x0000000085a00000, 0x0000000085a00000| Untracked 
|  57|0x0000000085b00000, 0x0000000085b00000, 0x0000000085c00000|  0%| F|  |TAMS 0x0000000085b00000, 0x0000000085b00000| Untracked 
|  58|0x0000000085c00000, 0x0000000085c00000, 0x0000000085d00000|  0%| F|  |TAMS 0x0000000085c00000, 0x0000000085c00000| Untracked 
|  59|0x0000000085d00000, 0x0000000085d00000, 0x0000000085e00000|  0%| F|  |TAMS 0x0000000085d00000, 0x0000000085d00000| Untracked 
|  60|0x0000000085e00000, 0x0000000085e00000, 0x0000000085f00000|  0%| F|  |TAMS 0x0000000085e00000, 0x0000000085e00000| Untracked 
|  61|0x0000000085f00000, 0x0000000085f00000, 0x0000000086000000|  0%| F|  |TAMS 0x0000000085f00000, 0x0000000085f00000| Untracked 
|  62|0x0000000086000000, 0x0000000086000000, 0x0000000086100000|  0%| F|  |TAMS 0x0000000086000000, 0x0000000086000000| Untracked 
|  63|0x0000000086100000, 0x0000000086100000, 0x0000000086200000|  0%| F|  |TAMS 0x0000000086100000, 0x0000000086100000| Untracked 
|  64|0x0000000086200000, 0x0000000086200000, 0x0000000086300000|  0%| F|  |TAMS 0x0000000086200000, 0x0000000086200000| Untracked 
|  65|0x0000000086300000, 0x0000000086300000, 0x0000000086400000|  0%| F|  |TAMS 0x0000000086300000, 0x0000000086300000| Untracked 
|  66|0x0000000086400000, 0x0000000086400000, 0x0000000086500000|  0%| F|  |TAMS 0x0000000086400000, 0x0000000086400000| Untracked 
|  67|0x0000000086500000, 0x0000000086500000, 0x0000000086600000|  0%| F|  |TAMS 0x0000000086500000, 0x0000000086500000| Untracked 
|  68|0x0000000086600000, 0x0000000086600000, 0x0000000086700000|  0%| F|  |TAMS 0x0000000086600000, 0x0000000086600000| Untracked 
|  69|0x0000000086700000, 0x0000000086700000, 0x0000000086800000|  0%| F|  |TAMS 0x0000000086700000, 0x0000000086700000| Untracked 
|  70|0x0000000086800000, 0x0000000086800000, 0x0000000086900000|  0%| F|  |TAMS 0x0000000086800000, 0x0000000086800000| Untracked 
|  71|0x0000000086900000, 0x0000000086900000, 0x0000000086a00000|  0%| F|  |TAMS 0x0000000086900000, 0x0000000086900000| Untracked 
|  72|0x0000000086a00000, 0x0000000086a00000, 0x0000000086b00000|  0%| F|  |TAMS 0x0000000086a00000, 0x0000000086a00000| Untracked 
|  73|0x0000000086b00000, 0x0000000086b00000, 0x0000000086c00000|  0%| F|  |TAMS 0x0000000086b00000, 0x0000000086b00000| Untracked 
|  74|0x0000000086c00000, 0x0000000086c00000, 0x0000000086d00000|  0%| F|  |TAMS 0x0000000086c00000, 0x0000000086c00000| Untracked 
|  75|0x0000000086d00000, 0x0000000086d57fa0, 0x0000000086e00000| 34%| S|CS|TAMS 0x0000000086d00000, 0x0000000086d00000| Complete 
|  76|0x0000000086e00000, 0x0000000086f00000, 0x0000000086f00000|100%| S|CS|TAMS 0x0000000086e00000, 0x0000000086e00000| Complete 
|  77|0x0000000086f00000, 0x0000000087000000, 0x0000000087000000|100%| S|CS|TAMS 0x0000000086f00000, 0x0000000086f00000| Complete 
|  78|0x0000000087000000, 0x0000000087100000, 0x0000000087100000|100%| S|CS|TAMS 0x0000000087000000, 0x0000000087000000| Complete 
|  79|0x0000000087100000, 0x0000000087200000, 0x0000000087200000|100%| S|CS|TAMS 0x0000000087100000, 0x0000000087100000| Complete 
|  80|0x0000000087200000, 0x0000000087300000, 0x0000000087300000|100%| S|CS|TAMS 0x0000000087200000, 0x0000000087200000| Complete 
|  81|0x0000000087300000, 0x0000000087300000, 0x0000000087400000|  0%| F|  |TAMS 0x0000000087300000, 0x0000000087300000| Untracked 
|  82|0x0000000087400000, 0x0000000087400000, 0x0000000087500000|  0%| F|  |TAMS 0x0000000087400000, 0x0000000087400000| Untracked 
|  83|0x0000000087500000, 0x0000000087500000, 0x0000000087600000|  0%| F|  |TAMS 0x0000000087500000, 0x0000000087500000| Untracked 
|  84|0x0000000087600000, 0x0000000087600000, 0x0000000087700000|  0%| F|  |TAMS 0x0000000087600000, 0x0000000087600000| Untracked 
|  85|0x0000000087700000, 0x0000000087700000, 0x0000000087800000|  0%| F|  |TAMS 0x0000000087700000, 0x0000000087700000| Untracked 
|  86|0x0000000087800000, 0x0000000087800000, 0x0000000087900000|  0%| F|  |TAMS 0x0000000087800000, 0x0000000087800000| Untracked 
|  87|0x0000000087900000, 0x0000000087900000, 0x0000000087a00000|  0%| F|  |TAMS 0x0000000087900000, 0x0000000087900000| Untracked 
|  88|0x0000000087a00000, 0x0000000087a00000, 0x0000000087b00000|  0%| F|  |TAMS 0x0000000087a00000, 0x0000000087a00000| Untracked 
|  89|0x0000000087b00000, 0x0000000087b00000, 0x0000000087c00000|  0%| F|  |TAMS 0x0000000087b00000, 0x0000000087b00000| Untracked 
|  90|0x0000000087c00000, 0x0000000087c00000, 0x0000000087d00000|  0%| F|  |TAMS 0x0000000087c00000, 0x0000000087c00000| Untracked 
|  91|0x0000000087d00000, 0x0000000087e00000, 0x0000000087e00000|100%| E|  |TAMS 0x0000000087d00000, 0x0000000087d00000| Complete 
|  92|0x0000000087e00000, 0x0000000087f00000, 0x0000000087f00000|100%| E|CS|TAMS 0x0000000087e00000, 0x0000000087e00000| Complete 
|  93|0x0000000087f00000, 0x0000000088000000, 0x0000000088000000|100%| E|CS|TAMS 0x0000000087f00000, 0x0000000087f00000| Complete 
|  94|0x0000000088000000, 0x0000000088100000, 0x0000000088100000|100%| E|CS|TAMS 0x0000000088000000, 0x0000000088000000| Complete 
|  95|0x0000000088100000, 0x0000000088200000, 0x0000000088200000|100%| E|CS|TAMS 0x0000000088100000, 0x0000000088100000| Complete 
|  96|0x0000000088200000, 0x0000000088300000, 0x0000000088300000|100%| E|CS|TAMS 0x0000000088200000, 0x0000000088200000| Complete 
|  97|0x0000000088300000, 0x0000000088400000, 0x0000000088400000|100%| E|CS|TAMS 0x0000000088300000, 0x0000000088300000| Complete 
|  98|0x0000000088400000, 0x0000000088500000, 0x0000000088500000|100%| E|CS|TAMS 0x0000000088400000, 0x0000000088400000| Complete 
|  99|0x0000000088500000, 0x0000000088600000, 0x0000000088600000|100%| E|CS|TAMS 0x0000000088500000, 0x0000000088500000| Complete 
| 100|0x0000000088600000, 0x0000000088700000, 0x0000000088700000|100%| E|CS|TAMS 0x0000000088600000, 0x0000000088600000| Complete 
| 101|0x0000000088700000, 0x0000000088800000, 0x0000000088800000|100%| E|CS|TAMS 0x0000000088700000, 0x0000000088700000| Complete 
| 102|0x0000000088800000, 0x0000000088900000, 0x0000000088900000|100%| E|CS|TAMS 0x0000000088800000, 0x0000000088800000| Complete 
| 103|0x0000000088900000, 0x0000000088a00000, 0x0000000088a00000|100%| E|CS|TAMS 0x0000000088900000, 0x0000000088900000| Complete 
| 104|0x0000000088a00000, 0x0000000088b00000, 0x0000000088b00000|100%| E|CS|TAMS 0x0000000088a00000, 0x0000000088a00000| Complete 
| 105|0x0000000088b00000, 0x0000000088c00000, 0x0000000088c00000|100%| E|CS|TAMS 0x0000000088b00000, 0x0000000088b00000| Complete 
| 106|0x0000000088c00000, 0x0000000088d00000, 0x0000000088d00000|100%| E|CS|TAMS 0x0000000088c00000, 0x0000000088c00000| Complete 
| 107|0x0000000088d00000, 0x0000000088e00000, 0x0000000088e00000|100%| E|CS|TAMS 0x0000000088d00000, 0x0000000088d00000| Complete 
| 108|0x0000000088e00000, 0x0000000088f00000, 0x0000000088f00000|100%| E|CS|TAMS 0x0000000088e00000, 0x0000000088e00000| Complete 
| 109|0x0000000088f00000, 0x0000000089000000, 0x0000000089000000|100%| E|CS|TAMS 0x0000000088f00000, 0x0000000088f00000| Complete 
| 110|0x0000000089000000, 0x0000000089100000, 0x0000000089100000|100%| E|CS|TAMS 0x0000000089000000, 0x0000000089000000| Complete 
| 111|0x0000000089100000, 0x0000000089200000, 0x0000000089200000|100%| E|CS|TAMS 0x0000000089100000, 0x0000000089100000| Complete 
| 112|0x0000000089200000, 0x0000000089300000, 0x0000000089300000|100%| E|CS|TAMS 0x0000000089200000, 0x0000000089200000| Complete 
| 113|0x0000000089300000, 0x0000000089400000, 0x0000000089400000|100%| E|CS|TAMS 0x0000000089300000, 0x0000000089300000| Complete 
| 114|0x0000000089400000, 0x0000000089500000, 0x0000000089500000|100%| E|CS|TAMS 0x0000000089400000, 0x0000000089400000| Complete 
| 115|0x0000000089500000, 0x0000000089600000, 0x0000000089600000|100%| E|CS|TAMS 0x0000000089500000, 0x0000000089500000| Complete 
| 116|0x0000000089600000, 0x0000000089700000, 0x0000000089700000|100%| E|CS|TAMS 0x0000000089600000, 0x0000000089600000| Complete 
| 117|0x0000000089700000, 0x0000000089800000, 0x0000000089800000|100%| E|CS|TAMS 0x0000000089700000, 0x0000000089700000| Complete 
| 118|0x0000000089800000, 0x0000000089900000, 0x0000000089900000|100%| E|CS|TAMS 0x0000000089800000, 0x0000000089800000| Complete 
| 119|0x0000000089900000, 0x0000000089a00000, 0x0000000089a00000|100%| E|CS|TAMS 0x0000000089900000, 0x0000000089900000| Complete 
| 120|0x0000000089a00000, 0x0000000089b00000, 0x0000000089b00000|100%| E|CS|TAMS 0x0000000089a00000, 0x0000000089a00000| Complete 
| 121|0x0000000089b00000, 0x0000000089c00000, 0x0000000089c00000|100%| E|CS|TAMS 0x0000000089b00000, 0x0000000089b00000| Complete 
| 122|0x0000000089c00000, 0x0000000089d00000, 0x0000000089d00000|100%| E|CS|TAMS 0x0000000089c00000, 0x0000000089c00000| Complete 
| 123|0x0000000089d00000, 0x0000000089e00000, 0x0000000089e00000|100%| E|CS|TAMS 0x0000000089d00000, 0x0000000089d00000| Complete 
| 124|0x0000000089e00000, 0x0000000089f00000, 0x0000000089f00000|100%| E|CS|TAMS 0x0000000089e00000, 0x0000000089e00000| Complete 
| 125|0x0000000089f00000, 0x000000008a000000, 0x000000008a000000|100%| E|  |TAMS 0x0000000089f00000, 0x0000000089f00000| Complete 

Card table byte_map: [0x000002807d7c0000,0x000002807dbb0000] _byte_map_base: 0x000002807d3af000

Marking Bits (Prev, Next): (CMBitMap*) 0x000002806a2170d0, (CMBitMap*) 0x000002806a217098
 Prev Bits: [0x0000028000000000, 0x0000028001f78000)
 Next Bits: [0x000002807dfa0000, 0x000002807ff18000)

Polling page: 0x00000280698b0000

Metaspace:

Usage:
  Non-class:     24.42 MB capacity,    23.70 MB ( 97%) used,   589.83 KB (  2%) free+waste,   141.38 KB ( <1%) overhead. 
      Class:      4.01 MB capacity,     3.42 MB ( 85%) used,   523.60 KB ( 13%) free+waste,    80.31 KB (  2%) overhead. 
       Both:     28.43 MB capacity,    27.12 MB ( 95%) used,     1.09 MB (  4%) free+waste,   221.69 KB ( <1%) overhead. 

Virtual space:
  Non-class space:       26.00 MB reserved,      24.50 MB ( 94%) committed 
      Class space:        1.00 GB reserved,       4.13 MB ( <1%) committed 
             Both:        1.03 GB reserved,      28.63 MB (  3%) committed 

Chunk freelists:
   Non-Class:  19.00 KB
       Class:  25.00 KB
        Both:  44.00 KB

CodeHeap 'non-profiled nmethods': size=120000Kb used=1943Kb max_used=1943Kb free=118056Kb
 bounds [0x0000028075b60000, 0x0000028075dd0000, 0x000002807d090000]
CodeHeap 'profiled nmethods': size=120000Kb used=8247Kb max_used=8247Kb free=111752Kb
 bounds [0x000002806e630000, 0x000002806ee40000, 0x0000028075b60000]
CodeHeap 'non-nmethods': size=5760Kb used=1248Kb max_used=1286Kb free=4512Kb
 bounds [0x000002806e090000, 0x000002806e300000, 0x000002806e630000]
 total_blobs=5529 nmethods=4026 adapters=519
 compilation: enabled
              stopped_count=0, restarted_count=0
 full_count=0

Compilation events (10 events):
Event: 19.962 Thread 0x0000028004a06000 4038  s    3       java.lang.StringBuffer::append (13 bytes)
Event: 19.963 Thread 0x0000028004a06000 nmethod 4038 0x000002806ee35d90 code [0x000002806ee35f60, 0x000002806ee362f0]
Event: 19.963 Thread 0x0000028004a06000 4039       3       java.util.Formatter$FixedString::<init> (26 bytes)
Event: 19.963 Thread 0x0000028004a06000 nmethod 4039 0x000002806ee36390 code [0x000002806ee36540, 0x000002806ee367d8]
Event: 19.963 Thread 0x0000028004a06000 4040       3       java.util.Formatter$FixedString::print (26 bytes)
Event: 19.963 Thread 0x0000028004a06000 nmethod 4040 0x000002806ee36890 code [0x000002806ee36a60, 0x000002806ee36cd0]
Event: 19.963 Thread 0x0000028004a06000 4041       3       okhttp3.HttpUrl::percentDecode (83 bytes)
Event: 19.964 Thread 0x0000028004a06000 nmethod 4041 0x000002806ee36d90 code [0x000002806ee37020, 0x000002806ee37b70]
Event: 19.964 Thread 0x0000028004a06000 4042       3       okhttp3.Headers$Builder::checkNameAndValue (233 bytes)
Event: 19.967 Thread 0x0000028004a06000 nmethod 4042 0x000002806ee38090 code [0x000002806ee38740, 0x000002806ee3c970]

GC Heap History (6 events):
Event: 0.946 GC heap before
{Heap before GC invocations=0 (full 0):
 garbage-first heap   total 129024K, used 23552K [0x0000000082200000, 0x0000000100000000)
  region size 1024K, 24 young (24576K), 0 survivors (0K)
 Metaspace       used 7200K, capacity 7850K, committed 7936K, reserved 1056768K
  class space    used 852K, capacity 996K, committed 1024K, reserved 1048576K
}
Event: 0.952 GC heap after
{Heap after GC invocations=1 (full 0):
 garbage-first heap   total 129024K, used 5140K [0x0000000082200000, 0x0000000100000000)
  region size 1024K, 3 young (3072K), 3 survivors (3072K)
 Metaspace       used 7200K, capacity 7850K, committed 7936K, reserved 1056768K
  class space    used 852K, capacity 996K, committed 1024K, reserved 1048576K
}
Event: 1.288 GC heap before
{Heap before GC invocations=1 (full 0):
 garbage-first heap   total 129024K, used 22548K [0x0000000082200000, 0x0000000100000000)
  region size 1024K, 20 young (20480K), 3 survivors (3072K)
 Metaspace       used 11819K, capacity 12555K, committed 12928K, reserved 1060864K
  class space    used 1451K, capacity 1793K, committed 1920K, reserved 1048576K
}
Event: 1.295 GC heap after
{Heap after GC invocations=2 (full 0):
 garbage-first heap   total 129024K, used 6618K [0x0000000082200000, 0x0000000100000000)
  region size 1024K, 2 young (2048K), 2 survivors (2048K)
 Metaspace       used 11819K, capacity 12555K, committed 12928K, reserved 1060864K
  class space    used 1451K, capacity 1793K, committed 1920K, reserved 1048576K
}
Event: 3.134 GC heap before
{Heap before GC invocations=2 (full 0):
 garbage-first heap   total 129024K, used 49626K [0x0000000082200000, 0x0000000100000000)
  region size 1024K, 45 young (46080K), 2 survivors (2048K)
 Metaspace       used 20161K, capacity 21103K, committed 21248K, reserved 1067008K
  class space    used 2480K, capacity 2948K, committed 3072K, reserved 1048576K
}
Event: 3.147 GC heap after
{Heap after GC invocations=3 (full 0):
 garbage-first heap   total 129024K, used 10703K [0x0000000082200000, 0x0000000100000000)
  region size 1024K, 6 young (6144K), 6 survivors (6144K)
 Metaspace       used 20161K, capacity 21103K, committed 21248K, reserved 1067008K
  class space    used 2480K, capacity 2948K, committed 3072K, reserved 1048576K
}

Deoptimization events (10 events):
Event: 12.965 Thread 0x000002806a1dd800 DEOPT PACKING pc=0x0000028075d3aa5c sp=0x000000de752fbab0
Event: 12.965 Thread 0x000002806a1dd800 DEOPT UNPACKING pc=0x000002806e0b922f sp=0x000000de752fba88 mode 2
Event: 12.965 Thread 0x000002806a1dd800 Uncommon trap: trap_request=0xffffffde fr.pc=0x0000028075d3aa5c relative=0x000000000000047c
Event: 12.965 Thread 0x000002806a1dd800 Uncommon trap: reason=class_check action=maybe_recompile pc=0x0000028075d3aa5c method=org.openqa.selenium.json.Input.init()V @ 18 c2
Event: 12.965 Thread 0x000002806a1dd800 DEOPT PACKING pc=0x0000028075d3aa5c sp=0x000000de752fb4e0
Event: 12.965 Thread 0x000002806a1dd800 DEOPT UNPACKING pc=0x000002806e0b922f sp=0x000000de752fb4b8 mode 2
Event: 12.965 Thread 0x000002806a1dd800 Uncommon trap: trap_request=0xffffffde fr.pc=0x0000028075d3aa5c relative=0x000000000000047c
Event: 12.965 Thread 0x000002806a1dd800 Uncommon trap: reason=class_check action=maybe_recompile pc=0x0000028075d3aa5c method=org.openqa.selenium.json.Input.init()V @ 18 c2
Event: 12.965 Thread 0x000002806a1dd800 DEOPT PACKING pc=0x0000028075d3aa5c sp=0x000000de752fb4e0
Event: 12.965 Thread 0x000002806a1dd800 DEOPT UNPACKING pc=0x000002806e0b922f sp=0x000000de752fb4b8 mode 2

Classes redefined (0 events):
No events

Internal exceptions (10 events):
Event: 16.725 Thread 0x000002806a1dd800 Exception <a 'java/net/SocketTimeoutException'{0x0000000087ecf020}: Read timed out> (0x0000000087ecf020) thrown at [c:/BuildAgent/work/5ff2f6c26000d570/src/hotspot/share/prims/jni.cpp, line 636]
Event: 16.742 Thread 0x000002806a1dd800 Exception <a 'java/net/SocketTimeoutException'{0x0000000087ee55c8}: Read timed out> (0x0000000087ee55c8) thrown at [c:/BuildAgent/work/5ff2f6c26000d570/src/hotspot/share/prims/jni.cpp, line 636]
Event: 16.806 Thread 0x000002806a1dd800 Exception <a 'java/net/SocketTimeoutException'{0x0000000087ef86e8}: Read timed out> (0x0000000087ef86e8) thrown at [c:/BuildAgent/work/5ff2f6c26000d570/src/hotspot/share/prims/jni.cpp, line 636]
Event: 16.822 Thread 0x000002806a1dd800 Exception <a 'java/net/SocketTimeoutException'{0x0000000087d10708}: Read timed out> (0x0000000087d10708) thrown at [c:/BuildAgent/work/5ff2f6c26000d570/src/hotspot/share/prims/jni.cpp, line 636]
Event: 19.847 Thread 0x000002806a1dd800 Exception <a 'java/net/SocketTimeoutException'{0x0000000087d22e58}: Read timed out> (0x0000000087d22e58) thrown at [c:/BuildAgent/work/5ff2f6c26000d570/src/hotspot/share/prims/jni.cpp, line 636]
Event: 19.851 Thread 0x000002806a1dd800 Exception <a 'java/net/SocketTimeoutException'{0x0000000087d36c58}: Read timed out> (0x0000000087d36c58) thrown at [c:/BuildAgent/work/5ff2f6c26000d570/src/hotspot/share/prims/jni.cpp, line 636]
Event: 19.867 Thread 0x000002806a1dd800 Exception <a 'java/net/SocketTimeoutException'{0x0000000087d4f3a8}: Read timed out> (0x0000000087d4f3a8) thrown at [c:/BuildAgent/work/5ff2f6c26000d570/src/hotspot/share/prims/jni.cpp, line 636]
Event: 19.949 Thread 0x000002806a1dd800 Exception <a 'java/net/SocketTimeoutException'{0x0000000087d61af8}: Read timed out> (0x0000000087d61af8) thrown at [c:/BuildAgent/work/5ff2f6c26000d570/src/hotspot/share/prims/jni.cpp, line 636]
Event: 19.953 Thread 0x000002806a1dd800 Exception <a 'java/net/SocketTimeoutException'{0x0000000087d7f880}: Read timed out> (0x0000000087d7f880) thrown at [c:/BuildAgent/work/5ff2f6c26000d570/src/hotspot/share/prims/jni.cpp, line 636]
Event: 19.965 Thread 0x000002806a1dd800 Exception <a 'java/net/SocketTimeoutException'{0x0000000087d92b00}: Read timed out> (0x0000000087d92b00) thrown at [c:/BuildAgent/work/5ff2f6c26000d570/src/hotspot/share/prims/jni.cpp, line 636]

Events (10 events):
Event: 16.621 loading class org/openqa/selenium/By$ByCssSelector
Event: 16.621 loading class org/openqa/selenium/By$ByCssSelector done
Event: 16.622 loading class org/openqa/selenium/By$ByXPath
Event: 16.622 loading class org/openqa/selenium/By$ByXPath done
Event: 16.644 loading class org/openqa/selenium/interactions/Coordinates
Event: 16.644 loading class org/openqa/selenium/interactions/Coordinates done
Event: 16.645 loading class org/openqa/selenium/json/JsonOutput
Event: 16.645 loading class org/openqa/selenium/json/JsonOutput done
Event: 19.951 loading class org/openqa/selenium/remote/internal/WebElementToJsonConverter
Event: 19.951 loading class org/openqa/selenium/remote/internal/WebElementToJsonConverter done


Dynamic libraries:
0x00007ff776bd0000 - 0x00007ff776c17000 	C:\Program Files\JetBrains\IntelliJ IDEA Community Edition 2019.3\jbr\bin\java.exe
0x00007ffd29c20000 - 0x00007ffd29e01000 	C:\Windows\SYSTEM32\ntdll.dll
0x00007ffd29ad0000 - 0x00007ffd29b82000 	C:\Windows\System32\KERNEL32.DLL
0x00007ffd26170000 - 0x00007ffd263e3000 	C:\Windows\System32\KERNELBASE.dll
0x00007ffd29010000 - 0x00007ffd291a0000 	C:\Windows\System32\USER32.dll
0x00007ffd26590000 - 0x00007ffd265b0000 	C:\Windows\System32\win32u.dll
0x00007ffd291a0000 - 0x00007ffd291c8000 	C:\Windows\System32\GDI32.dll
0x00007ffd263f0000 - 0x00007ffd26582000 	C:\Windows\System32\gdi32full.dll
0x00007ffd26eb0000 - 0x00007ffd26f4f000 	C:\Windows\System32\msvcp_win.dll
0x00007ffd26070000 - 0x00007ffd2616a000 	C:\Windows\System32\ucrtbase.dll
0x00007ffd13950000 - 0x00007ffd13bb9000 	C:\Windows\WinSxS\amd64_microsoft.windows.common-controls_6595b64144ccf1df_6.0.17134.165_none_fb429645306569ac\COMCTL32.dll
0x00007ffd28e80000 - 0x00007ffd28f1e000 	C:\Windows\System32\msvcrt.dll
0x00007ffd27570000 - 0x00007ffd27893000 	C:\Windows\System32\combase.dll
0x00007ffd271c0000 - 0x00007ffd272e4000 	C:\Windows\System32\RPCRT4.dll
0x00007ffd25ff0000 - 0x00007ffd2606a000 	C:\Windows\System32\bcryptPrimitives.dll
0x00007ffd272f0000 - 0x00007ffd2731d000 	C:\Windows\System32\IMM32.DLL
0x00007ffd24b90000 - 0x00007ffd24ba7000 	C:\Program Files\JetBrains\IntelliJ IDEA Community Edition 2019.3\jbr\bin\vcruntime140.dll
0x00007ffd100a0000 - 0x00007ffd1013d000 	C:\Program Files\JetBrains\IntelliJ IDEA Community Edition 2019.3\jbr\bin\msvcp140.dll
0x00007ffcaadb0000 - 0x00007ffcab868000 	C:\Program Files\JetBrains\IntelliJ IDEA Community Edition 2019.3\jbr\bin\server\jvm.dll
0x00007ffd27110000 - 0x00007ffd271b1000 	C:\Windows\System32\ADVAPI32.dll
0x00007ffd270b0000 - 0x00007ffd2710b000 	C:\Windows\System32\sechost.dll
0x00007ffd293b0000 - 0x00007ffd293b8000 	C:\Windows\System32\PSAPI.DLL
0x00007ffd13840000 - 0x00007ffd1384a000 	C:\Windows\SYSTEM32\VERSION.dll
0x00007ffd0fc20000 - 0x00007ffd0fc29000 	C:\Windows\SYSTEM32\WSOCK32.dll
0x00007ffd20ca0000 - 0x00007ffd20cc3000 	C:\Windows\SYSTEM32\WINMM.dll
0x00007ffd291d0000 - 0x00007ffd2923c000 	C:\Windows\System32\WS2_32.dll
0x00007ffd20c70000 - 0x00007ffd20c9a000 	C:\Windows\SYSTEM32\winmmbase.dll
0x00007ffd26fb0000 - 0x00007ffd26ff9000 	C:\Windows\System32\cfgmgr32.dll
0x00007ffd25f80000 - 0x00007ffd25f91000 	C:\Windows\System32\kernel.appcore.dll
0x00007ffd1d0d0000 - 0x00007ffd1d0e1000 	C:\Program Files\JetBrains\IntelliJ IDEA Community Edition 2019.3\jbr\bin\verify.dll
0x00007ffd242d0000 - 0x00007ffd24499000 	C:\Windows\SYSTEM32\DBGHELP.DLL
0x00007ffd0c4c0000 - 0x00007ffd0c4e9000 	C:\Windows\SYSTEM32\dbgcore.DLL
0x00007ffd12b40000 - 0x00007ffd12b69000 	C:\Program Files\JetBrains\IntelliJ IDEA Community Edition 2019.3\jbr\bin\java.dll
0x00007ffd105a0000 - 0x00007ffd105d4000 	C:\Program Files\JetBrains\IntelliJ IDEA Community Edition 2019.3\jbr\bin\instrument.dll
0x00007ffd130a0000 - 0x00007ffd130b7000 	C:\Program Files\JetBrains\IntelliJ IDEA Community Edition 2019.3\jbr\bin\zip.dll
0x00007ffd1f320000 - 0x00007ffd1f32b000 	C:\Program Files\JetBrains\IntelliJ IDEA Community Edition 2019.3\jbr\bin\jimage.dll
0x00007ffd278a0000 - 0x00007ffd28ce0000 	C:\Windows\System32\SHELL32.dll
0x00007ffd27320000 - 0x00007ffd273c9000 	C:\Windows\System32\shcore.dll
0x00007ffd267a0000 - 0x00007ffd26ead000 	C:\Windows\System32\windows.storage.dll
0x00007ffd298f0000 - 0x00007ffd29941000 	C:\Windows\System32\shlwapi.dll
0x00007ffd25fa0000 - 0x00007ffd25fbf000 	C:\Windows\System32\profapi.dll
0x00007ffd25f30000 - 0x00007ffd25f7c000 	C:\Windows\System32\powrprof.dll
0x00007ffd25fc0000 - 0x00007ffd25fca000 	C:\Windows\System32\FLTLIB.DLL
0x00007ffd12d40000 - 0x00007ffd12d5a000 	C:\Program Files\JetBrains\IntelliJ IDEA Community Edition 2019.3\jbr\bin\net.dll
0x00007ffd14a40000 - 0x00007ffd14c08000 	C:\Windows\SYSTEM32\urlmon.dll
0x00007ffd1a180000 - 0x00007ffd1a25c000 	C:\Windows\SYSTEM32\WINHTTP.dll
0x00007ffd14e70000 - 0x00007ffd15112000 	C:\Windows\SYSTEM32\iertutil.dll
0x00007ffd25860000 - 0x00007ffd2586b000 	C:\Windows\SYSTEM32\CRYPTBASE.DLL
0x00007ffd25700000 - 0x00007ffd25766000 	C:\Windows\system32\mswsock.dll
0x00007ffd12880000 - 0x00007ffd12894000 	C:\Program Files\JetBrains\IntelliJ IDEA Community Edition 2019.3\jbr\bin\nio.dll
0x00007ffd1e7b0000 - 0x00007ffd1e7ca000 	C:\Program Files\JetBrains\IntelliJ IDEA Community Edition 2019.3\bin\breakgen64.dll
0x00007ffd11830000 - 0x00007ffd11858000 	C:\Program Files\JetBrains\IntelliJ IDEA Community Edition 2019.3\jbr\bin\sunec.dll
0x00007ffd25910000 - 0x00007ffd25927000 	C:\Windows\SYSTEM32\CRYPTSP.dll
0x00007ffd252f0000 - 0x00007ffd25323000 	C:\Windows\system32\rsaenh.dll
0x00007ffd25a30000 - 0x00007ffd25a55000 	C:\Windows\SYSTEM32\bcrypt.dll
0x00007ffd25e60000 - 0x00007ffd25e88000 	C:\Windows\SYSTEM32\USERENV.dll
0x00007ffd25490000 - 0x00007ffd254c8000 	C:\Windows\SYSTEM32\IPHLPAPI.DLL
0x00007ffd28e70000 - 0x00007ffd28e78000 	C:\Windows\System32\NSI.dll
0x00007ffd1eb70000 - 0x00007ffd1eb86000 	C:\Windows\SYSTEM32\dhcpcsvc6.DLL
0x00007ffd1eb40000 - 0x00007ffd1eb5a000 	C:\Windows\SYSTEM32\dhcpcsvc.DLL
0x00007ffd254d0000 - 0x00007ffd2558e000 	C:\Windows\SYSTEM32\DNSAPI.dll
0x00007ffd1a120000 - 0x00007ffd1a12a000 	C:\Windows\System32\rasadhlp.dll
0x00007ffd1ee40000 - 0x00007ffd1eeb2000 	C:\Windows\System32\fwpuclnt.dll

dbghelp: loaded successfully - version: 4.0.5 - missing functions: none
symbol engine: initialized successfully - sym options: 0x614 - pdb path: .;C:\Program Files\JetBrains\IntelliJ IDEA Community Edition 2019.3\jbr\bin;C:\Windows\SYSTEM32;C:\Windows\WinSxS\amd64_microsoft.windows.common-controls_6595b64144ccf1df_6.0.17134.165_none_fb429645306569ac;C:\Program Files\JetBrains\IntelliJ IDEA Community Edition 2019.3\jbr\bin\server;C:\Program Files\JetBrains\IntelliJ IDEA Community Edition 2019.3\bin

VM Arguments:
jvm_args: -Dorg.jetbrains.run.directory=C:\Users\raghavendran.MAVERICSYSTEMS\Desktop\Bacb\src\test\java\examples\users -javaagent:C:\Program Files\JetBrains\IntelliJ IDEA Community Edition 2019.3\lib\idea_rt.jar=53117:C:\Program Files\JetBrains\IntelliJ IDEA Community Edition 2019.3\bin -Dfile.encoding=UTF-8 
java_command: cucumber.api.cli.Main --plugin org.jetbrains.plugins.cucumber.java.run.CucumberJvmSMFormatter --monochrome --name ^US\#19\,check without Authorization for Detail permissions$ --glue com.intuit.karate C:/Users/raghavendran.MAVERICSYSTEMS/Desktop/Bacb/src/test/java/examples/users/Accounts.feature
java_class_path (initial): C:\Users\raghavendran.MAVERICSYSTEMS\Desktop\Bacb\target\test-classes;C:\Users\raghavendran.MAVERICSYSTEMS\Desktop\Bacb\target\classes;C:\Users\raghavendran.MAVERICSYSTEMS\.m2\repository\org\seleniumhq\selenium\selenium-java\3.141.59\selenium-java-3.141.59.jar;C:\Users\raghavendran.MAVERICSYSTEMS\.m2\repository\org\seleniumhq\selenium\selenium-api\3.141.59\selenium-api-3.141.59.jar;C:\Users\raghavendran.MAVERICSYSTEMS\.m2\repository\org\seleniumhq\selenium\selenium-chrome-driver\3.141.59\selenium-chrome-driver-3.141.59.jar;C:\Users\raghavendran.MAVERICSYSTEMS\.m2\repository\org\seleniumhq\selenium\selenium-edge-driver\3.141.59\selenium-edge-driver-3.141.59.jar;C:\Users\raghavendran.MAVERICSYSTEMS\.m2\repository\org\seleniumhq\selenium\selenium-firefox-driver\3.141.59\selenium-firefox-driver-3.141.59.jar;C:\Users\raghavendran.MAVERICSYSTEMS\.m2\repository\org\seleniumhq\selenium\selenium-ie-driver\3.141.59\selenium-ie-driver-3.141.59.jar;C:\Users\raghavendran.MAVERICSYSTEMS\.m2\repository\org\seleniumhq\selenium\selenium-opera-driver\3.141.59\selenium-opera-driver-3.141.59.jar;C:\Users\raghavendran.MAVERICSYSTEMS\.m2\repository\org\seleniumhq\selenium\selenium-remote-driver\3.141.59\selenium-remote-driver-3.141.59.jar;C:\Users\raghavendran.MAVERICSYSTEMS\.m2\repository\org\seleniumhq\selenium\selenium-safari-driver\3.141.59\selenium-safari-driver-3.141.59.jar;C:\Users\raghavendran.MAVERICSYSTEMS\.m2\repository\org\seleniumhq\selenium\selenium-support\3.141.59\selenium-support-3.141.59.jar;C:\Users\raghavendran.MAVERICSYSTEMS\.m2\repository\net\bytebuddy\byte-buddy\1.8.15\byte-buddy-1.8.15.jar;C:\Users\raghavendran.MAVERICSYSTEMS\.m2\repository\org\apache\commons\commons-exec\1.3\commons-exec-1.3.jar;C:\Users\raghavendran.MAVERICSYSTEMS\.m2\repository\com\google\guava\guava\25.0-jre\guava-25.0-jre.jar;C:\Users\raghavendran.MAVERICSYSTEMS\.m2\repository\com\google\code\findbugs\jsr305\1.3.9\jsr305-1.3.9.jar;C:\Users\raghavendran.MAVERICSYST
Launcher Type: SUN_STANDARD

[Global flags]
     intx CICompilerCount                          = 4                                         {product} {ergonomic}
     uint ConcGCThreads                            = 2                                         {product} {ergonomic}
     uint G1ConcRefinementThreads                  = 8                                         {product} {ergonomic}
   size_t G1HeapRegionSize                         = 1048576                                   {product} {ergonomic}
    uintx GCDrainStackTargetSize                   = 64                                        {product} {ergonomic}
   size_t InitialHeapSize                          = 132120576                                 {product} {ergonomic}
   size_t MarkStackSize                            = 4194304                                   {product} {ergonomic}
   size_t MaxHeapSize                              = 2111832064                                {product} {ergonomic}
   size_t MaxNewSize                               = 1266679808                                {product} {ergonomic}
   size_t MinHeapDeltaBytes                        = 1048576                                   {product} {ergonomic}
    uintx NonNMethodCodeHeapSize                   = 5835340                                {pd product} {ergonomic}
    uintx NonProfiledCodeHeapSize                  = 122911450                              {pd product} {ergonomic}
    uintx ProfiledCodeHeapSize                     = 122911450                              {pd product} {ergonomic}
    uintx ReservedCodeCacheSize                    = 251658240                              {pd product} {ergonomic}
     bool SegmentedCodeCache                       = true                                      {product} {ergonomic}
     bool UseCompressedClassPointers               = true                                 {lp64_product} {ergonomic}
     bool UseCompressedOops                        = true                                 {lp64_product} {ergonomic}
     bool UseG1GC                                  = true                                      {product} {ergonomic}
     bool UseLargePagesIndividualAllocation        = false                                  {pd product} {ergonomic}

Logging:
Log output configuration:
 #0: stdout all=warning uptime,level,tags
 #1: stderr all=off uptime,level,tags

Environment Variables:
PATH=C:\Program Files\AdoptOpenJDK\jdk8u202-b08\bin;C:\ProgramData\Oracle\Java\javapath;C:\Program Files (x86)\Intel\Intel(R) Management Engine Components\iCLS\;C:\Program Files\Intel\Intel(R) Management Engine Components\iCLS\;C:\Windows\system32;C:\Windows;C:\Windows\System32\Wbem;C:\Windows\System32\WindowsPowerShell\v1.0\;C:\Windows\System32\OpenSSH\;C:\Program Files (x86)\Intel\Intel(R) Management Engine Components\DAL;C:\Program Files\Intel\Intel(R) Management Engine Components\DAL;C:\Program Files\PuTTY\;C:\Program Files\Microsoft SQL Server\130\Tools\Binn\;C:\Program Files\nodejs\;C:\Program Files\Git\cmd;C:\Users\raghavendran.MAVERICSYSTEMS\Downloads\apache-maven-3.6.2-bin\apache-maven-3.6.2\bin;C:\Program Files\MySQL\MySQL Shell 8.0\bin\;C:\Users\raghavendran.MAVERICSYSTEMS\AppData\Roaming\npm
USERNAME=raghavendran
OS=Windows_NT
PROCESSOR_IDENTIFIER=Intel64 Family 6 Model 142 Stepping 10, GenuineIntel



---------------  S Y S T E M  ---------------

OS: Windows 10 , 64 bit Build 17134 (10.0.17134.1)

CPU:total 8 (initial active 8) (4 cores per cpu, 2 threads per core) family 6 model 142 stepping 10, cmov, cx8, fxsr, mmx, sse, sse2, sse3, ssse3, sse4.1, sse4.2, popcnt, avx, avx2, aes, clmul, erms, 3dnowpref, lzcnt, ht, tsc, tscinvbit, bmi1, bmi2, adx, fma

Memory: 4k page, system-wide physical 8052M (448M free)
TotalPageFile size 25460M (AvailPageFile size 0M)
current process WorkingSet (physical memory assigned to process): 155M, peak: 178M
current process commit charge ("private bytes"): 252M, peak: 277M

vm_info: OpenJDK 64-Bit Server VM (11.0.4+10-b520.11) for windows-amd64 JRE (11.0.4+10-b520.11), built on Nov 16 2019 04:35:14 by "" with MS VC++ 14.0 (VS2015)

END.
